	Command being timed: "python /home/vltanh/Documents/netsci-research/network-generation/network_evaluation/network_stats/compute_cluster_stats.py --network /home/vltanh/Documents/netsci-research/network-generation/examples/output/synthetic_networks/networks/abcd+o/sbm-flat-best+cc/dnc/0/edge.csv --community /home/vltanh/Documents/netsci-research/network-generation/examples/output/synthetic_networks/networks/abcd+o/sbm-flat-best+cc/dnc/0/com.csv --outdir /home/vltanh/Documents/netsci-research/network-generation/examples/output/synthetic_networks/stats/abcd+o/sbm-flat-best+cc/dnc/0/cluster"
	User time (seconds): 1.74
	System time (seconds): 0.15
	Percent of CPU this job got: 99%
	Elapsed (wall clock) time (h:mm:ss or m:ss): 0:01.91
	Average shared text size (kbytes): 0
	Average unshared data size (kbytes): 0
	Average stack size (kbytes): 0
	Average total size (kbytes): 0
	Maximum resident set size (kbytes): 260300
	Average resident set size (kbytes): 0
	Major (requiring I/O) page faults: 0
	Minor (reclaiming a frame) page faults: 40709
	Voluntary context switches: 230
	Involuntary context switches: 354
	Swaps: 0
	File system inputs: 0
	File system outputs: 536
	Socket messages sent: 0
	Socket messages received: 0
	Signals delivered: 0
	Page size (bytes): 4096
	Exit status: 0
