=== 2026-05-07T19:30:41Z | pid=2396850 | host=nah-popos | EXECUTED ===
Error using datasample (line 177)
There must be at least K positive weights when sampling without replacement.

Error in nPSO_model (line 159)
            idx = datasample(1:t-1, m, 'Replace', false, 'Weights', p);

Error in run_npso (line 7)
    [adj, ~, comm, ~] = nPSO_model(N, m, T, gamma, distr, 0);

Error using datasample (line 177)
There must be at least K positive weights when sampling without replacement.

Error in nPSO_model (line 159)
            idx = datasample(1:t-1, m, 'Replace', false, 'Weights', p);

Error in run_npso (line 7)
    [adj, ~, comm, ~] = nPSO_model(N, m, T, gamma, distr, 0);

Error using datasample (line 177)
There must be at least K positive weights when sampling without replacement.

Error in nPSO_model (line 159)
            idx = datasample(1:t-1, m, 'Replace', false, 'Weights', p);

Error in run_npso (line 7)
    [adj, ~, comm, ~] = nPSO_model(N, m, T, gamma, distr, 0);

Error using datasample (line 177)
There must be at least K positive weights when sampling without replacement.

Error in nPSO_model (line 159)
            idx = datasample(1:t-1, m, 'Replace', false, 'Weights', p);

Error in run_npso (line 7)
    [adj, ~, comm, ~] = nPSO_model(N, m, T, gamma, distr, 0);

Error using datasample (line 177)
There must be at least K positive weights when sampling without replacement.

Error in nPSO_model (line 159)
            idx = datasample(1:t-1, m, 'Replace', false, 'Weights', p);

Error in run_npso (line 7)
    [adj, ~, comm, ~] = nPSO_model(N, m, T, gamma, distr, 0);

Error using datasample (line 177)
There must be at least K positive weights when sampling without replacement.

Error in nPSO_model (line 159)
            idx = datasample(1:t-1, m, 'Replace', false, 'Weights', p);

Error in run_npso (line 7)
    [adj, ~, comm, ~] = nPSO_model(N, m, T, gamma, distr, 0);

Error using datasample (line 177)
There must be at least K positive weights when sampling without replacement.

Error in nPSO_model (line 159)
            idx = datasample(1:t-1, m, 'Replace', false, 'Weights', p);

Error in run_npso (line 7)
    [adj, ~, comm, ~] = nPSO_model(N, m, T, gamma, distr, 0);

Error using datasample (line 177)
There must be at least K positive weights when sampling without replacement.

Error in nPSO_model (line 159)
            idx = datasample(1:t-1, m, 'Replace', false, 'Weights', p);

Error in run_npso (line 7)
    [adj, ~, comm, ~] = nPSO_model(N, m, T, gamma, distr, 0);

Error using datasample (line 177)
There must be at least K positive weights when sampling without replacement.

Error in nPSO_model (line 159)
            idx = datasample(1:t-1, m, 'Replace', false, 'Weights', p);

Error in run_npso (line 7)
    [adj, ~, comm, ~] = nPSO_model(N, m, T, gamma, distr, 0);

Error using datasample (line 177)
There must be at least K positive weights when sampling without replacement.

Error in nPSO_model (line 159)
            idx = datasample(1:t-1, m, 'Replace', false, 'Weights', p);

Error in run_npso (line 7)
    [adj, ~, comm, ~] = nPSO_model(N, m, T, gamma, distr, 0);

Error using datasample (line 177)
There must be at least K positive weights when sampling without replacement.

Error in nPSO_model (line 159)
            idx = datasample(1:t-1, m, 'Replace', false, 'Weights', p);

Error in run_npso (line 7)
    [adj, ~, comm, ~] = nPSO_model(N, m, T, gamma, distr, 0);

Error using datasample (line 177)
There must be at least K positive weights when sampling without replacement.

Error in nPSO_model (line 159)
            idx = datasample(1:t-1, m, 'Replace', false, 'Weights', p);

Error in run_npso (line 7)
    [adj, ~, comm, ~] = nPSO_model(N, m, T, gamma, distr, 0);

Error using datasample (line 177)
There must be at least K positive weights when sampling without replacement.

Error in nPSO_model (line 159)
            idx = datasample(1:t-1, m, 'Replace', false, 'Weights', p);

Error in run_npso (line 7)
    [adj, ~, comm, ~] = nPSO_model(N, m, T, gamma, distr, 0);

Error using datasample (line 177)
There must be at least K positive weights when sampling without replacement.

Error in nPSO_model (line 159)
            idx = datasample(1:t-1, m, 'Replace', false, 'Weights', p);

Error in run_npso (line 7)
    [adj, ~, comm, ~] = nPSO_model(N, m, T, gamma, distr, 0);

Error using datasample (line 177)
There must be at least K positive weights when sampling without replacement.

Error in nPSO_model (line 159)
            idx = datasample(1:t-1, m, 'Replace', false, 'Weights', p);

Error in run_npso (line 7)
    [adj, ~, comm, ~] = nPSO_model(N, m, T, gamma, distr, 0);

Error using datasample (line 177)
There must be at least K positive weights when sampling without replacement.

Error in nPSO_model (line 159)
            idx = datasample(1:t-1, m, 'Replace', false, 'Weights', p);

Error in run_npso (line 7)
    [adj, ~, comm, ~] = nPSO_model(N, m, T, gamma, distr, 0);

Error using datasample (line 177)
There must be at least K positive weights when sampling without replacement.

Error in nPSO_model (line 159)
            idx = datasample(1:t-1, m, 'Replace', false, 'Weights', p);

Error in run_npso (line 7)
    [adj, ~, comm, ~] = nPSO_model(N, m, T, gamma, distr, 0);

Error using datasample (line 177)
There must be at least K positive weights when sampling without replacement.

Error in nPSO_model (line 159)
            idx = datasample(1:t-1, m, 'Replace', false, 'Weights', p);

Error in run_npso (line 7)
    [adj, ~, comm, ~] = nPSO_model(N, m, T, gamma, distr, 0);

Error using datasample (line 177)
There must be at least K positive weights when sampling without replacement.

Error in nPSO_model (line 159)
            idx = datasample(1:t-1, m, 'Replace', false, 'Weights', p);

Error in run_npso (line 7)
    [adj, ~, comm, ~] = nPSO_model(N, m, T, gamma, distr, 0);

Error using datasample (line 177)
There must be at least K positive weights when sampling without replacement.

Error in nPSO_model (line 159)
            idx = datasample(1:t-1, m, 'Replace', false, 'Weights', p);

Error in run_npso (line 7)
    [adj, ~, comm, ~] = nPSO_model(N, m, T, gamma, distr, 0);

Error using datasample (line 177)
There must be at least K positive weights when sampling without replacement.

Error in nPSO_model (line 159)
            idx = datasample(1:t-1, m, 'Replace', false, 'Weights', p);

Error in run_npso (line 7)
    [adj, ~, comm, ~] = nPSO_model(N, m, T, gamma, distr, 0);

Error using datasample (line 177)
There must be at least K positive weights when sampling without replacement.

Error in nPSO_model (line 159)
            idx = datasample(1:t-1, m, 'Replace', false, 'Weights', p);

Error in run_npso (line 7)
    [adj, ~, comm, ~] = nPSO_model(N, m, T, gamma, distr, 0);

Error using datasample (line 177)
There must be at least K positive weights when sampling without replacement.

Error in nPSO_model (line 159)
            idx = datasample(1:t-1, m, 'Replace', false, 'Weights', p);

Error in run_npso (line 7)
    [adj, ~, comm, ~] = nPSO_model(N, m, T, gamma, distr, 0);

Error using datasample (line 177)
There must be at least K positive weights when sampling without replacement.

Error in nPSO_model (line 159)
            idx = datasample(1:t-1, m, 'Replace', false, 'Weights', p);

Error in run_npso (line 7)
    [adj, ~, comm, ~] = nPSO_model(N, m, T, gamma, distr, 0);

Error using datasample (line 177)
There must be at least K positive weights when sampling without replacement.

Error in nPSO_model (line 159)
            idx = datasample(1:t-1, m, 'Replace', false, 'Weights', p);

Error in run_npso (line 7)
    [adj, ~, comm, ~] = nPSO_model(N, m, T, gamma, distr, 0);

Error using datasample (line 177)
There must be at least K positive weights when sampling without replacement.

Error in nPSO_model (line 159)
            idx = datasample(1:t-1, m, 'Replace', false, 'Weights', p);

Error in run_npso (line 7)
    [adj, ~, comm, ~] = nPSO_model(N, m, T, gamma, distr, 0);

Error using datasample (line 177)
There must be at least K positive weights when sampling without replacement.

Error in nPSO_model (line 159)
            idx = datasample(1:t-1, m, 'Replace', false, 'Weights', p);

Error in run_npso (line 7)
    [adj, ~, comm, ~] = nPSO_model(N, m, T, gamma, distr, 0);

Error using datasample (line 177)
There must be at least K positive weights when sampling without replacement.

Error in nPSO_model (line 159)
            idx = datasample(1:t-1, m, 'Replace', false, 'Weights', p);

Error in run_npso (line 7)
    [adj, ~, comm, ~] = nPSO_model(N, m, T, gamma, distr, 0);

Error using datasample (line 177)
There must be at least K positive weights when sampling without replacement.

Error in nPSO_model (line 159)
            idx = datasample(1:t-1, m, 'Replace', false, 'Weights', p);

Error in run_npso (line 7)
    [adj, ~, comm, ~] = nPSO_model(N, m, T, gamma, distr, 0);

Error using datasample (line 177)
There must be at least K positive weights when sampling without replacement.

Error in nPSO_model (line 159)
            idx = datasample(1:t-1, m, 'Replace', false, 'Weights', p);

Error in run_npso (line 7)
    [adj, ~, comm, ~] = nPSO_model(N, m, T, gamma, distr, 0);

Error using datasample (line 177)
There must be at least K positive weights when sampling without replacement.

Error in nPSO_model (line 159)
            idx = datasample(1:t-1, m, 'Replace', false, 'Weights', p);

Error in run_npso (line 7)
    [adj, ~, comm, ~] = nPSO_model(N, m, T, gamma, distr, 0);

Error using datasample (line 177)
There must be at least K positive weights when sampling without replacement.

Error in nPSO_model (line 159)
            idx = datasample(1:t-1, m, 'Replace', false, 'Weights', p);

Error in run_npso (line 7)
    [adj, ~, comm, ~] = nPSO_model(N, m, T, gamma, distr, 0);

Error using datasample (line 177)
There must be at least K positive weights when sampling without replacement.

Error in nPSO_model (line 159)
            idx = datasample(1:t-1, m, 'Replace', false, 'Weights', p);

Error in run_npso (line 7)
    [adj, ~, comm, ~] = nPSO_model(N, m, T, gamma, distr, 0);

Error using datasample (line 177)
There must be at least K positive weights when sampling without replacement.

Error in nPSO_model (line 159)
            idx = datasample(1:t-1, m, 'Replace', false, 'Weights', p);

Error in run_npso (line 7)
    [adj, ~, comm, ~] = nPSO_model(N, m, T, gamma, distr, 0);

Error using datasample (line 177)
There must be at least K positive weights when sampling without replacement.

Error in nPSO_model (line 159)
            idx = datasample(1:t-1, m, 'Replace', false, 'Weights', p);

Error in run_npso (line 7)
    [adj, ~, comm, ~] = nPSO_model(N, m, T, gamma, distr, 0);

Error using datasample (line 177)
There must be at least K positive weights when sampling without replacement.

Error in nPSO_model (line 159)
            idx = datasample(1:t-1, m, 'Replace', false, 'Weights', p);

Error in run_npso (line 7)
    [adj, ~, comm, ~] = nPSO_model(N, m, T, gamma, distr, 0);

Error using datasample (line 177)
There must be at least K positive weights when sampling without replacement.

Error in nPSO_model (line 159)
            idx = datasample(1:t-1, m, 'Replace', false, 'Weights', p);

Error in run_npso (line 7)
    [adj, ~, comm, ~] = nPSO_model(N, m, T, gamma, distr, 0);

Error using datasample (line 177)
There must be at least K positive weights when sampling without replacement.

Error in nPSO_model (line 159)
            idx = datasample(1:t-1, m, 'Replace', false, 'Weights', p);

Error in run_npso (line 7)
    [adj, ~, comm, ~] = nPSO_model(N, m, T, gamma, distr, 0);

Error using datasample (line 177)
There must be at least K positive weights when sampling without replacement.

Error in nPSO_model (line 159)
            idx = datasample(1:t-1, m, 'Replace', false, 'Weights', p);

Error in run_npso (line 7)
    [adj, ~, comm, ~] = nPSO_model(N, m, T, gamma, distr, 0);

Error using datasample (line 177)
There must be at least K positive weights when sampling without replacement.

Error in nPSO_model (line 159)
            idx = datasample(1:t-1, m, 'Replace', false, 'Weights', p);

Error in run_npso (line 7)
    [adj, ~, comm, ~] = nPSO_model(N, m, T, gamma, distr, 0);

Error using datasample (line 177)
There must be at least K positive weights when sampling without replacement.

Error in nPSO_model (line 159)
            idx = datasample(1:t-1, m, 'Replace', false, 'Weights', p);

Error in run_npso (line 7)
    [adj, ~, comm, ~] = nPSO_model(N, m, T, gamma, distr, 0);

Error using datasample (line 177)
There must be at least K positive weights when sampling without replacement.

Error in nPSO_model (line 159)
            idx = datasample(1:t-1, m, 'Replace', false, 'Weights', p);

Error in run_npso (line 7)
    [adj, ~, comm, ~] = nPSO_model(N, m, T, gamma, distr, 0);

Error using datasample (line 177)
There must be at least K positive weights when sampling without replacement.

Error in nPSO_model (line 159)
            idx = datasample(1:t-1, m, 'Replace', false, 'Weights', p);

Error in run_npso (line 7)
    [adj, ~, comm, ~] = nPSO_model(N, m, T, gamma, distr, 0);

Error using datasample (line 177)
There must be at least K positive weights when sampling without replacement.

Error in nPSO_model (line 159)
            idx = datasample(1:t-1, m, 'Replace', false, 'Weights', p);

Error in run_npso (line 7)
    [adj, ~, comm, ~] = nPSO_model(N, m, T, gamma, distr, 0);

Error using datasample (line 177)
There must be at least K positive weights when sampling without replacement.

Error in nPSO_model (line 159)
            idx = datasample(1:t-1, m, 'Replace', false, 'Weights', p);

Error in run_npso (line 7)
    [adj, ~, comm, ~] = nPSO_model(N, m, T, gamma, distr, 0);

Error using datasample (line 177)
There must be at least K positive weights when sampling without replacement.

Error in nPSO_model (line 159)
            idx = datasample(1:t-1, m, 'Replace', false, 'Weights', p);

Error in run_npso (line 7)
    [adj, ~, comm, ~] = nPSO_model(N, m, T, gamma, distr, 0);

Error using datasample (line 177)
There must be at least K positive weights when sampling without replacement.

Error in nPSO_model (line 159)
            idx = datasample(1:t-1, m, 'Replace', false, 'Weights', p);

Error in run_npso (line 7)
    [adj, ~, comm, ~] = nPSO_model(N, m, T, gamma, distr, 0);

Error using datasample (line 177)
There must be at least K positive weights when sampling without replacement.

Error in nPSO_model (line 159)
            idx = datasample(1:t-1, m, 'Replace', false, 'Weights', p);

Error in run_npso (line 7)
    [adj, ~, comm, ~] = nPSO_model(N, m, T, gamma, distr, 0);

Error using datasample (line 177)
There must be at least K positive weights when sampling without replacement.

Error in nPSO_model (line 159)
            idx = datasample(1:t-1, m, 'Replace', false, 'Weights', p);

Error in run_npso (line 7)
    [adj, ~, comm, ~] = nPSO_model(N, m, T, gamma, distr, 0);

Error using datasample (line 177)
There must be at least K positive weights when sampling without replacement.

Error in nPSO_model (line 159)
            idx = datasample(1:t-1, m, 'Replace', false, 'Weights', p);

Error in run_npso (line 7)
    [adj, ~, comm, ~] = nPSO_model(N, m, T, gamma, distr, 0);

Error using datasample (line 177)
There must be at least K positive weights when sampling without replacement.

Error in nPSO_model (line 159)
            idx = datasample(1:t-1, m, 'Replace', false, 'Weights', p);

Error in run_npso (line 7)
    [adj, ~, comm, ~] = nPSO_model(N, m, T, gamma, distr, 0);

Error using datasample (line 177)
There must be at least K positive weights when sampling without replacement.

Error in nPSO_model (line 159)
            idx = datasample(1:t-1, m, 'Replace', false, 'Weights', p);

Error in run_npso (line 7)
    [adj, ~, comm, ~] = nPSO_model(N, m, T, gamma, distr, 0);

Error using datasample (line 177)
There must be at least K positive weights when sampling without replacement.

Error in nPSO_model (line 159)
            idx = datasample(1:t-1, m, 'Replace', false, 'Weights', p);

Error in run_npso (line 7)
    [adj, ~, comm, ~] = nPSO_model(N, m, T, gamma, distr, 0);

Error using datasample (line 177)
There must be at least K positive weights when sampling without replacement.

Error in nPSO_model (line 159)
            idx = datasample(1:t-1, m, 'Replace', false, 'Weights', p);

Error in run_npso (line 7)
    [adj, ~, comm, ~] = nPSO_model(N, m, T, gamma, distr, 0);

Error using datasample (line 177)
There must be at least K positive weights when sampling without replacement.

Error in nPSO_model (line 159)
            idx = datasample(1:t-1, m, 'Replace', false, 'Weights', p);

Error in run_npso (line 7)
    [adj, ~, comm, ~] = nPSO_model(N, m, T, gamma, distr, 0);

Error using datasample (line 177)
There must be at least K positive weights when sampling without replacement.

Error in nPSO_model (line 159)
            idx = datasample(1:t-1, m, 'Replace', false, 'Weights', p);

Error in run_npso (line 7)
    [adj, ~, comm, ~] = nPSO_model(N, m, T, gamma, distr, 0);

Error using datasample (line 177)
There must be at least K positive weights when sampling without replacement.

Error in nPSO_model (line 159)
            idx = datasample(1:t-1, m, 'Replace', false, 'Weights', p);

Error in run_npso (line 7)
    [adj, ~, comm, ~] = nPSO_model(N, m, T, gamma, distr, 0);

Error using datasample (line 177)
There must be at least K positive weights when sampling without replacement.

Error in nPSO_model (line 159)
            idx = datasample(1:t-1, m, 'Replace', false, 'Weights', p);

Error in run_npso (line 7)
    [adj, ~, comm, ~] = nPSO_model(N, m, T, gamma, distr, 0);

Error using datasample (line 177)
There must be at least K positive weights when sampling without replacement.

Error in nPSO_model (line 159)
            idx = datasample(1:t-1, m, 'Replace', false, 'Weights', p);

Error in run_npso (line 7)
    [adj, ~, comm, ~] = nPSO_model(N, m, T, gamma, distr, 0);

Error using datasample (line 177)
There must be at least K positive weights when sampling without replacement.

Error in nPSO_model (line 159)
            idx = datasample(1:t-1, m, 'Replace', false, 'Weights', p);

Error in run_npso (line 7)
    [adj, ~, comm, ~] = nPSO_model(N, m, T, gamma, distr, 0);

Error using datasample (line 177)
There must be at least K positive weights when sampling without replacement.

Error in nPSO_model (line 159)
            idx = datasample(1:t-1, m, 'Replace', false, 'Weights', p);

Error in run_npso (line 7)
    [adj, ~, comm, ~] = nPSO_model(N, m, T, gamma, distr, 0);

Error using datasample (line 177)
There must be at least K positive weights when sampling without replacement.

Error in nPSO_model (line 159)
            idx = datasample(1:t-1, m, 'Replace', false, 'Weights', p);

Error in run_npso (line 7)
    [adj, ~, comm, ~] = nPSO_model(N, m, T, gamma, distr, 0);

Error using datasample (line 177)
There must be at least K positive weights when sampling without replacement.

Error in nPSO_model (line 159)
            idx = datasample(1:t-1, m, 'Replace', false, 'Weights', p);

Error in run_npso (line 7)
    [adj, ~, comm, ~] = nPSO_model(N, m, T, gamma, distr, 0);

Error using datasample (line 177)
There must be at least K positive weights when sampling without replacement.

Error in nPSO_model (line 159)
            idx = datasample(1:t-1, m, 'Replace', false, 'Weights', p);

Error in run_npso (line 7)
    [adj, ~, comm, ~] = nPSO_model(N, m, T, gamma, distr, 0);

Error using datasample (line 177)
There must be at least K positive weights when sampling without replacement.

Error in nPSO_model (line 159)
            idx = datasample(1:t-1, m, 'Replace', false, 'Weights', p);

Error in run_npso (line 7)
    [adj, ~, comm, ~] = nPSO_model(N, m, T, gamma, distr, 0);

Error using datasample (line 177)
There must be at least K positive weights when sampling without replacement.

Error in nPSO_model (line 159)
            idx = datasample(1:t-1, m, 'Replace', false, 'Weights', p);

Error in run_npso (line 7)
    [adj, ~, comm, ~] = nPSO_model(N, m, T, gamma, distr, 0);

Error using datasample (line 177)
There must be at least K positive weights when sampling without replacement.

Error in nPSO_model (line 159)
            idx = datasample(1:t-1, m, 'Replace', false, 'Weights', p);

Error in run_npso (line 7)
    [adj, ~, comm, ~] = nPSO_model(N, m, T, gamma, distr, 0);

Error using datasample (line 177)
There must be at least K positive weights when sampling without replacement.

Error in nPSO_model (line 159)
            idx = datasample(1:t-1, m, 'Replace', false, 'Weights', p);

Error in run_npso (line 7)
    [adj, ~, comm, ~] = nPSO_model(N, m, T, gamma, distr, 0);

Error using datasample (line 177)
There must be at least K positive weights when sampling without replacement.

Error in nPSO_model (line 159)
            idx = datasample(1:t-1, m, 'Replace', false, 'Weights', p);

Error in run_npso (line 7)
    [adj, ~, comm, ~] = nPSO_model(N, m, T, gamma, distr, 0);

Error using datasample (line 177)
There must be at least K positive weights when sampling without replacement.

Error in nPSO_model (line 159)
            idx = datasample(1:t-1, m, 'Replace', false, 'Weights', p);

Error in run_npso (line 7)
    [adj, ~, comm, ~] = nPSO_model(N, m, T, gamma, distr, 0);

Error using datasample (line 177)
There must be at least K positive weights when sampling without replacement.

Error in nPSO_model (line 159)
            idx = datasample(1:t-1, m, 'Replace', false, 'Weights', p);

Error in run_npso (line 7)
    [adj, ~, comm, ~] = nPSO_model(N, m, T, gamma, distr, 0);

Error using datasample (line 177)
There must be at least K positive weights when sampling without replacement.

Error in nPSO_model (line 159)
            idx = datasample(1:t-1, m, 'Replace', false, 'Weights', p);

Error in run_npso (line 7)
    [adj, ~, comm, ~] = nPSO_model(N, m, T, gamma, distr, 0);

Error using datasample (line 177)
There must be at least K positive weights when sampling without replacement.

Error in nPSO_model (line 159)
            idx = datasample(1:t-1, m, 'Replace', false, 'Weights', p);

Error in run_npso (line 7)
    [adj, ~, comm, ~] = nPSO_model(N, m, T, gamma, distr, 0);

Error using datasample (line 177)
There must be at least K positive weights when sampling without replacement.

Error in nPSO_model (line 159)
            idx = datasample(1:t-1, m, 'Replace', false, 'Weights', p);

Error in run_npso (line 7)
    [adj, ~, comm, ~] = nPSO_model(N, m, T, gamma, distr, 0);

Error using datasample (line 177)
There must be at least K positive weights when sampling without replacement.

Error in nPSO_model (line 159)
            idx = datasample(1:t-1, m, 'Replace', false, 'Weights', p);

Error in run_npso (line 7)
    [adj, ~, comm, ~] = nPSO_model(N, m, T, gamma, distr, 0);

Error using datasample (line 177)
There must be at least K positive weights when sampling without replacement.

Error in nPSO_model (line 159)
            idx = datasample(1:t-1, m, 'Replace', false, 'Weights', p);

Error in run_npso (line 7)
    [adj, ~, comm, ~] = nPSO_model(N, m, T, gamma, distr, 0);

Error using datasample (line 177)
There must be at least K positive weights when sampling without replacement.

Error in nPSO_model (line 159)
            idx = datasample(1:t-1, m, 'Replace', false, 'Weights', p);

Error in run_npso (line 7)
    [adj, ~, comm, ~] = nPSO_model(N, m, T, gamma, distr, 0);

Error using datasample (line 177)
There must be at least K positive weights when sampling without replacement.

Error in nPSO_model (line 159)
            idx = datasample(1:t-1, m, 'Replace', false, 'Weights', p);

Error in run_npso (line 7)
    [adj, ~, comm, ~] = nPSO_model(N, m, T, gamma, distr, 0);

Error using datasample (line 177)
There must be at least K positive weights when sampling without replacement.

Error in nPSO_model (line 159)
            idx = datasample(1:t-1, m, 'Replace', false, 'Weights', p);

Error in run_npso (line 7)
    [adj, ~, comm, ~] = nPSO_model(N, m, T, gamma, distr, 0);

Error using datasample (line 177)
There must be at least K positive weights when sampling without replacement.

Error in nPSO_model (line 159)
            idx = datasample(1:t-1, m, 'Replace', false, 'Weights', p);

Error in run_npso (line 7)
    [adj, ~, comm, ~] = nPSO_model(N, m, T, gamma, distr, 0);

Error using datasample (line 177)
There must be at least K positive weights when sampling without replacement.

Error in nPSO_model (line 159)
            idx = datasample(1:t-1, m, 'Replace', false, 'Weights', p);

Error in run_npso (line 7)
    [adj, ~, comm, ~] = nPSO_model(N, m, T, gamma, distr, 0);

Error using datasample (line 177)
There must be at least K positive weights when sampling without replacement.

Error in nPSO_model (line 159)
            idx = datasample(1:t-1, m, 'Replace', false, 'Weights', p);

Error in run_npso (line 7)
    [adj, ~, comm, ~] = nPSO_model(N, m, T, gamma, distr, 0);

Error using datasample (line 177)
There must be at least K positive weights when sampling without replacement.

Error in nPSO_model (line 159)
            idx = datasample(1:t-1, m, 'Replace', false, 'Weights', p);

Error in run_npso (line 7)
    [adj, ~, comm, ~] = nPSO_model(N, m, T, gamma, distr, 0);

Error using datasample (line 177)
There must be at least K positive weights when sampling without replacement.

Error in nPSO_model (line 159)
            idx = datasample(1:t-1, m, 'Replace', false, 'Weights', p);

Error in run_npso (line 7)
    [adj, ~, comm, ~] = nPSO_model(N, m, T, gamma, distr, 0);

Error using datasample (line 177)
There must be at least K positive weights when sampling without replacement.

Error in nPSO_model (line 159)
            idx = datasample(1:t-1, m, 'Replace', false, 'Weights', p);

Error in run_npso (line 7)
    [adj, ~, comm, ~] = nPSO_model(N, m, T, gamma, distr, 0);

Error using datasample (line 177)
There must be at least K positive weights when sampling without replacement.

Error in nPSO_model (line 159)
            idx = datasample(1:t-1, m, 'Replace', false, 'Weights', p);

Error in run_npso (line 7)
    [adj, ~, comm, ~] = nPSO_model(N, m, T, gamma, distr, 0);

Error using datasample (line 177)
There must be at least K positive weights when sampling without replacement.

Error in nPSO_model (line 159)
            idx = datasample(1:t-1, m, 'Replace', false, 'Weights', p);

Error in run_npso (line 7)
    [adj, ~, comm, ~] = nPSO_model(N, m, T, gamma, distr, 0);

Error using datasample (line 177)
There must be at least K positive weights when sampling without replacement.

Error in nPSO_model (line 159)
            idx = datasample(1:t-1, m, 'Replace', false, 'Weights', p);

Error in run_npso (line 7)
    [adj, ~, comm, ~] = nPSO_model(N, m, T, gamma, distr, 0);

Error using datasample (line 177)
There must be at least K positive weights when sampling without replacement.

Error in nPSO_model (line 159)
            idx = datasample(1:t-1, m, 'Replace', false, 'Weights', p);

Error in run_npso (line 7)
    [adj, ~, comm, ~] = nPSO_model(N, m, T, gamma, distr, 0);

Error using datasample (line 177)
There must be at least K positive weights when sampling without replacement.

Error in nPSO_model (line 159)
            idx = datasample(1:t-1, m, 'Replace', false, 'Weights', p);

Error in run_npso (line 7)
    [adj, ~, comm, ~] = nPSO_model(N, m, T, gamma, distr, 0);

Error using datasample (line 177)
There must be at least K positive weights when sampling without replacement.

Error in nPSO_model (line 159)
            idx = datasample(1:t-1, m, 'Replace', false, 'Weights', p);

Error in run_npso (line 7)
    [adj, ~, comm, ~] = nPSO_model(N, m, T, gamma, distr, 0);

	Command being timed: "python /home/vltanh/Documents/netsci-research/network-generation/src/npso/gen.py --N 906 --m 12 --gamma 2.0 --c 374 --target-ccoeff 0.5482011904886444 --mixing-proportions 0.08609271523178808,0.08388520971302428,0.06070640176600441,0.05187637969094923,0.039735099337748346,0.026490066225165563,0.023178807947019868,0.023178807947019868,0.017660044150110375,0.017660044150110375,0.016556291390728478,0.01434878587196468,0.011037527593818985,0.011037527593818985,0.011037527593818985,0.008830022075055188,0.008830022075055188,0.00772626931567329,0.00772626931567329,0.00772626931567329,0.00772626931567329,0.006622516556291391,0.005518763796909493,0.004415011037527594,0.004415011037527594,0.0033112582781456954,0.0033112582781456954,0.0033112582781456954,0.0033112582781456954,0.0033112582781456954,0.0033112582781456954,0.002207505518763797,0.002207505518763797,0.002207505518763797,0.002207505518763797,0.002207505518763797,0.002207505518763797,0.002207505518763797,0.002207505518763797,0.002207505518763797,0.002207505518763797,0.002207505518763797,0.002207505518763797,0.002207505518763797,0.002207505518763797,0.002207505518763797,0.002207505518763797,0.002207505518763797,0.002207505518763797,0.002207505518763797,0.002207505518763797,0.002207505518763797,0.002207505518763797,0.002207505518763797,0.002207505518763797,0.002207505518763797,0.002207505518763797,0.002207505518763797,0.002207505518763797,0.002207505518763797,0.002207505518763797,0.002207505518763797,0.002207505518763797,0.002207505518763797,0.002207505518763797,0.0011037527593818985,0.0011037527593818985,0.0011037527593818985,0.0011037527593818985,0.0011037527593818985,0.0011037527593818985,0.0011037527593818985,0.0011037527593818985,0.0011037527593818985,0.0011037527593818985,0.0011037527593818985,0.0011037527593818985,0.0011037527593818985,0.0011037527593818985,0.0011037527593818985,0.0011037527593818985,0.0011037527593818985,0.0011037527593818985,0.0011037527593818985,0.0011037527593818985,0.0011037527593818985,0.0011037527593818985,0.0011037527593818985,0.0011037527593818985,0.0011037527593818985,0.0011037527593818985,0.0011037527593818985,0.0011037527593818985,0.0011037527593818985,0.0011037527593818985,0.0011037527593818985,0.0011037527593818985,0.0011037527593818985,0.0011037527593818985,0.0011037527593818985,0.0011037527593818985,0.0011037527593818985,0.0011037527593818985,0.0011037527593818985,0.0011037527593818985,0.0011037527593818985,0.0011037527593818985,0.0011037527593818985,0.0011037527593818985,0.0011037527593818985,0.0011037527593818985,0.0011037527593818985,0.0011037527593818985,0.0011037527593818985,0.0011037527593818985,0.0011037527593818985,0.0011037527593818985,0.0011037527593818985,0.0011037527593818985,0.0011037527593818985,0.0011037527593818985,0.0011037527593818985,0.0011037527593818985,0.0011037527593818985,0.0011037527593818985,0.0011037527593818985,0.0011037527593818985,0.0011037527593818985,0.0011037527593818985,0.0011037527593818985,0.0011037527593818985,0.0011037527593818985,0.0011037527593818985,0.0011037527593818985,0.0011037527593818985,0.0011037527593818985,0.0011037527593818985,0.0011037527593818985,0.0011037527593818985,0.0011037527593818985,0.0011037527593818985,0.0011037527593818985,0.0011037527593818985,0.0011037527593818985,0.0011037527593818985,0.0011037527593818985,0.0011037527593818985,0.0011037527593818985,0.0011037527593818985,0.0011037527593818985,0.0011037527593818985,0.0011037527593818985,0.0011037527593818985,0.0011037527593818985,0.0011037527593818985,0.0011037527593818985,0.0011037527593818985,0.0011037527593818985,0.0011037527593818985,0.0011037527593818985,0.0011037527593818985,0.0011037527593818985,0.0011037527593818985,0.0011037527593818985,0.0011037527593818985,0.0011037527593818985,0.0011037527593818985,0.0011037527593818985,0.0011037527593818985,0.0011037527593818985,0.0011037527593818985,0.0011037527593818985,0.0011037527593818985,0.0011037527593818985,0.0011037527593818985,0.0011037527593818985,0.0011037527593818985,0.0011037527593818985,0.0011037527593818985,0.0011037527593818985,0.0011037527593818985,0.0011037527593818985,0.0011037527593818985,0.0011037527593818985,0.0011037527593818985,0.0011037527593818985,0.0011037527593818985,0.0011037527593818985,0.0011037527593818985,0.0011037527593818985,0.0011037527593818985,0.0011037527593818985,0.0011037527593818985,0.0011037527593818985,0.0011037527593818985,0.0011037527593818985,0.0011037527593818985,0.0011037527593818985,0.0011037527593818985,0.0011037527593818985,0.0011037527593818985,0.0011037527593818985,0.0011037527593818985,0.0011037527593818985,0.0011037527593818985,0.0011037527593818985,0.0011037527593818985,0.0011037527593818985,0.0011037527593818985,0.0011037527593818985,0.0011037527593818985,0.0011037527593818985,0.0011037527593818985,0.0011037527593818985,0.0011037527593818985,0.0011037527593818985,0.0011037527593818985,0.0011037527593818985,0.0011037527593818985,0.0011037527593818985,0.0011037527593818985,0.0011037527593818985,0.0011037527593818985,0.0011037527593818985,0.0011037527593818985,0.0011037527593818985,0.0011037527593818985,0.0011037527593818985,0.0011037527593818985,0.0011037527593818985,0.0011037527593818985,0.0011037527593818985,0.0011037527593818985,0.0011037527593818985,0.0011037527593818985,0.0011037527593818985,0.0011037527593818985,0.0011037527593818985,0.0011037527593818985,0.0011037527593818985,0.0011037527593818985,0.0011037527593818985,0.0011037527593818985,0.0011037527593818985,0.0011037527593818985,0.0011037527593818985,0.0011037527593818985,0.0011037527593818985,0.0011037527593818985,0.0011037527593818985,0.0011037527593818985,0.0011037527593818985,0.0011037527593818985,0.0011037527593818985,0.0011037527593818985,0.0011037527593818985,0.0011037527593818985,0.0011037527593818985,0.0011037527593818985,0.0011037527593818985,0.0011037527593818985,0.0011037527593818985,0.0011037527593818985,0.0011037527593818985,0.0011037527593818985,0.0011037527593818985,0.0011037527593818985,0.0011037527593818985,0.0011037527593818985,0.0011037527593818985,0.0011037527593818985,0.0011037527593818985,0.0011037527593818985,0.0011037527593818985,0.0011037527593818985,0.0011037527593818985,0.0011037527593818985,0.0011037527593818985,0.0011037527593818985,0.0011037527593818985,0.0011037527593818985,0.0011037527593818985,0.0011037527593818985,0.0011037527593818985,0.0011037527593818985,0.0011037527593818985,0.0011037527593818985,0.0011037527593818985,0.0011037527593818985,0.0011037527593818985,0.0011037527593818985,0.0011037527593818985,0.0011037527593818985,0.0011037527593818985,0.0011037527593818985,0.0011037527593818985,0.0011037527593818985,0.0011037527593818985,0.0011037527593818985,0.0011037527593818985,0.0011037527593818985,0.0011037527593818985,0.0011037527593818985,0.0011037527593818985,0.0011037527593818985,0.0011037527593818985,0.0011037527593818985,0.0011037527593818985,0.0011037527593818985,0.0011037527593818985,0.0011037527593818985,0.0011037527593818985,0.0011037527593818985,0.0011037527593818985,0.0011037527593818985,0.0011037527593818985,0.0011037527593818985,0.0011037527593818985,0.0011037527593818985,0.0011037527593818985,0.0011037527593818985,0.0011037527593818985,0.0011037527593818985,0.0011037527593818985,0.0011037527593818985,0.0011037527593818985,0.0011037527593818985,0.0011037527593818985,0.0011037527593818985,0.0011037527593818985,0.0011037527593818985,0.0011037527593818985,0.0011037527593818985,0.0011037527593818985,0.0011037527593818985,0.0011037527593818985,0.0011037527593818985,0.0011037527593818985,0.0011037527593818985,0.0011037527593818985,0.0011037527593818985,0.0011037527593818985,0.0011037527593818985,0.0011037527593818985,0.0011037527593818985,0.0011037527593818985,0.0011037527593818985,0.0011037527593818985,0.0011037527593818985,0.0011037527593818985,0.0011037527593818985,0.0011037527593818985,0.0011037527593818985,0.0011037527593818985,0.0011037527593818985,0.0011037527593818985,0.0011037527593818985,0.0011037527593818985,0.0011037527593818985,0.0011037527593818985,0.0011037527593818985,0.0011037527593818985,0.0011037527593818985,0.0011037527593818985,0.0011037527593818985,0.0011037527593818985,0.0011037527593818985,0.0011037527593818985,0.0011037527593818985,0.0011037527593818985,0.0011037527593818985,0.0011037527593818985,0.0011037527593818985,0.0011037527593818985 --npso-dir /home/vltanh/Documents/netsci-research/network-generation/externals/npso --n-threads 1 --model nPSO2 --search-max-iters 100 --search-diff-tol 0.005 --search-step-tol 0.0001 --search-t-min 0.0005 --search-strategy secant --search-initial-points 5 --search-samples-per-T 3 --output-folder /home/vltanh/Documents/netsci-research/network-generation/examples/output/synthetic_networks/networks/npso/sbm-flat-best+cc/dnc/0/.state/gen --seed 1"
	User time (seconds): 3.20
	System time (seconds): 0.63
	Percent of CPU this job got: 14%
	Elapsed (wall clock) time (h:mm:ss or m:ss): 0:26.78
	Average shared text size (kbytes): 0
	Average unshared data size (kbytes): 0
	Average stack size (kbytes): 0
	Average total size (kbytes): 0
	Maximum resident set size (kbytes): 327608
	Average resident set size (kbytes): 0
	Major (requiring I/O) page faults: 0
	Minor (reclaiming a frame) page faults: 107625
	Voluntary context switches: 28550
	Involuntary context switches: 1627
	Swaps: 0
	File system inputs: 0
	File system outputs: 496
	Socket messages sent: 0
	Socket messages received: 0
	Signals delivered: 0
	Page size (bytes): 4096
	Exit status: 0
=== exit=0 ===
