/home/vltanh/miniconda3/envs/nwbench/lib/python3.11/site-packages/scipy/stats/_axis_nan_policy.py:592: RuntimeWarning: ks_2samp: Exact calculation unsuccessful. Switching to method=asymp.
  res = hypotest_fun_out(*samples, **kwds)
	Command being timed: "python /home/vltanh/Documents/netsci-research/network-generation/network_evaluation/compare/compare_pair.py --cluster-1-folder examples/output/synthetic_networks/stats/ec-sbm-v3/sbm-flat-best+cc/dnc/0/cluster --cluster-2-folder examples/input/reference_clusterings/stats/sbm-flat-best+cc/dnc --network-1-folder examples/output/synthetic_networks/stats/ec-sbm-v3/sbm-flat-best+cc/dnc/0/network --network-2-folder examples/input/empirical_networks/stats/dnc --output-file examples/output/synthetic_networks/stats/ec-sbm-v3/sbm-flat-best+cc/dnc/0/comparison.csv --is-compare-sequence"
	User time (seconds): 0.54
	System time (seconds): 0.05
	Percent of CPU this job got: 99%
	Elapsed (wall clock) time (h:mm:ss or m:ss): 0:00.60
	Average shared text size (kbytes): 0
	Average unshared data size (kbytes): 0
	Average stack size (kbytes): 0
	Average total size (kbytes): 0
	Maximum resident set size (kbytes): 140800
	Average resident set size (kbytes): 0
	Major (requiring I/O) page faults: 0
	Minor (reclaiming a frame) page faults: 24780
	Voluntary context switches: 22
	Involuntary context switches: 70
	Swaps: 0
	File system inputs: 0
	File system outputs: 32
	Socket messages sent: 0
	Socket messages received: 0
	Signals delivered: 0
	Page size (bytes): 4096
	Exit status: 0
