	Command being timed: "python /u/vltanh/ecsbmv2/network-generation/network_evaluation/network_stats/compute_cluster_stats.py --network examples/output/synthetic_networks/networks/npso/sbm-flat-best+cc/dnc/0/edge.csv --community examples/output/synthetic_networks/networks/npso/sbm-flat-best+cc/dnc/0/com.csv --outdir examples/output/synthetic_networks/stats/npso/sbm-flat-best+cc/dnc/0/cluster"
	User time (seconds): 0.29
	System time (seconds): 0.23
	Percent of CPU this job got: 41%
	Elapsed (wall clock) time (h:mm:ss or m:ss): 0:01.28
	Average shared text size (kbytes): 0
	Average unshared data size (kbytes): 0
	Average stack size (kbytes): 0
	Average total size (kbytes): 0
	Maximum resident set size (kbytes): 67072
	Average resident set size (kbytes): 0
	Major (requiring I/O) page faults: 10
	Minor (reclaiming a frame) page faults: 16769
	Voluntary context switches: 2163
	Involuntary context switches: 4
	Swaps: 0
	File system inputs: 824
	File system outputs: 384
	Socket messages sent: 0
	Socket messages received: 0
	Signals delivered: 0
	Page size (bytes): 4096
	Exit status: 0
