=== 2026-05-07T19:30:31Z | pid=2396309 | host=nah-popos | EXECUTED ===
	Command being timed: "python /home/vltanh/Documents/netsci-research/network-generation/src/lfr/gen.py --degree /home/vltanh/Documents/netsci-research/network-generation/examples/output/synthetic_networks/networks/lfr/sbm-flat-best+cc/dnc/0/.state/setup/degree.csv --cluster-sizes /home/vltanh/Documents/netsci-research/network-generation/examples/output/synthetic_networks/networks/lfr/sbm-flat-best+cc/dnc/0/.state/setup/cluster_sizes.csv --mixing-parameter /home/vltanh/Documents/netsci-research/network-generation/examples/output/synthetic_networks/networks/lfr/sbm-flat-best+cc/dnc/0/.state/setup/mixing_parameter.txt --lfr-binary /home/vltanh/Documents/netsci-research/network-generation/externals/lfr/unweighted_undirected/benchmark --output-folder /home/vltanh/Documents/netsci-research/network-generation/examples/output/synthetic_networks/networks/lfr/sbm-flat-best+cc/dnc/0/.state/gen --seed 1"
	User time (seconds): 2.70
	System time (seconds): 0.11
	Percent of CPU this job got: 98%
	Elapsed (wall clock) time (h:mm:ss or m:ss): 0:02.85
	Average shared text size (kbytes): 0
	Average unshared data size (kbytes): 0
	Average stack size (kbytes): 0
	Average total size (kbytes): 0
	Maximum resident set size (kbytes): 145476
	Average resident set size (kbytes): 0
	Major (requiring I/O) page faults: 0
	Minor (reclaiming a frame) page faults: 27552
	Voluntary context switches: 25
	Involuntary context switches: 448
	Swaps: 0
	File system inputs: 0
	File system outputs: 560
	Socket messages sent: 0
	Socket messages received: 0
	Signals delivered: 0
	Page size (bytes): 4096
	Exit status: 0
=== exit=0 ===
