2026-05-07 14:31:12,461 - INFO - Building graph via hashed edge list...
2026-05-07 14:31:12,518 - INFO - Graph built in 0.057s
2026-05-07 14:31:12,521 - INFO - node.idx saved in 0.003s
2026-05-07 14:31:12,521 - INFO - Computing n_nodes...
2026-05-07 14:31:12,522 - INFO - n_nodes completed in 0.001s
2026-05-07 14:31:12,522 - INFO - Computing n_edges...
2026-05-07 14:31:12,523 - INFO - n_edges completed in 0.001s
2026-05-07 14:31:12,523 - INFO - Computing n_concomp...
2026-05-07 14:31:12,524 - INFO - n_concomp completed in 0.001s
2026-05-07 14:31:12,524 - INFO - Computing mean_degree...
2026-05-07 14:31:12,525 - INFO - mean_degree completed in 0.001s
2026-05-07 14:31:12,525 - INFO - Computing deg_assort...
2026-05-07 14:31:12,526 - INFO - deg_assort completed in 0.001s
2026-05-07 14:31:12,526 - INFO - Computing mean_kcore...
2026-05-07 14:31:12,527 - INFO - mean_kcore completed in 0.001s
2026-05-07 14:31:12,527 - INFO - Computing global_ccoeff...
2026-05-07 14:31:12,532 - INFO - global_ccoeff completed in 0.005s
2026-05-07 14:31:12,532 - INFO - Computing local_ccoeff...
2026-05-07 14:31:12,535 - INFO - local_ccoeff completed in 0.002s
2026-05-07 14:31:12,535 - INFO - Computing pseudo_diameter...
2026-05-07 14:31:12,536 - INFO - pseudo_diameter completed in 0.002s
2026-05-07 14:31:12,537 - INFO - Computing char_time...
2026-05-07 14:31:12,547 - INFO - char_time completed in 0.010s
2026-05-07 14:31:12,547 - INFO - Computing node_percolation_targeted...
2026-05-07 14:31:12,551 - INFO - node_percolation_targeted completed in 0.004s
2026-05-07 14:31:12,551 - INFO - Computing node_percolation_random...
2026-05-07 14:31:12,563 - INFO - node_percolation_random completed in 0.013s
2026-05-07 14:31:12,564 - INFO - Computing frac_giant_ccomp...
2026-05-07 14:31:12,566 - INFO - frac_giant_ccomp completed in 0.002s
2026-05-07 14:31:12,566 - INFO - Computing concomp_sizes...
2026-05-07 14:31:12,567 - INFO - concomp_sizes completed in 0.001s
2026-05-07 14:31:12,567 - INFO - Computing degree...
2026-05-07 14:31:12,567 - INFO - degree completed in 0.001s
2026-05-07 14:31:12,567 - INFO - Computing local_ccoeff_nodes...
2026-05-07 14:31:12,570 - INFO - local_ccoeff_nodes completed in 0.003s
2026-05-07 14:31:12,571 - INFO - Computing pagerank...
2026-05-07 14:31:12,581 - INFO - pagerank completed in 0.010s
2026-05-07 14:31:12,581 - INFO - Computing kcore...
2026-05-07 14:31:12,582 - INFO - kcore completed in 0.001s
2026-05-07 14:31:12,582 - INFO - Total time taken: 0.122s
