2026-05-07 14:30:38,228 - INFO - Building graph via hashed edge list...
2026-05-07 14:30:38,287 - INFO - Graph built in 0.059s
2026-05-07 14:30:38,290 - INFO - node.idx saved in 0.003s
2026-05-07 14:30:38,291 - INFO - Computing n_nodes...
2026-05-07 14:30:38,291 - INFO - n_nodes completed in 0.001s
2026-05-07 14:30:38,291 - INFO - Computing n_edges...
2026-05-07 14:30:38,293 - INFO - n_edges completed in 0.001s
2026-05-07 14:30:38,293 - INFO - Computing n_concomp...
2026-05-07 14:30:38,293 - INFO - n_concomp completed in 0.001s
2026-05-07 14:30:38,294 - INFO - Computing mean_degree...
2026-05-07 14:30:38,294 - INFO - mean_degree completed in 0.001s
2026-05-07 14:30:38,294 - INFO - Computing deg_assort...
2026-05-07 14:30:38,296 - INFO - deg_assort completed in 0.001s
2026-05-07 14:30:38,296 - INFO - Computing mean_kcore...
2026-05-07 14:30:38,297 - INFO - mean_kcore completed in 0.001s
2026-05-07 14:30:38,297 - INFO - Computing global_ccoeff...
2026-05-07 14:30:38,301 - INFO - global_ccoeff completed in 0.004s
2026-05-07 14:30:38,301 - INFO - Computing local_ccoeff...
2026-05-07 14:30:38,308 - INFO - local_ccoeff completed in 0.006s
2026-05-07 14:30:38,308 - INFO - Computing pseudo_diameter...
2026-05-07 14:30:38,309 - INFO - pseudo_diameter completed in 0.002s
2026-05-07 14:30:38,309 - INFO - Computing char_time...
2026-05-07 14:30:38,327 - INFO - char_time completed in 0.018s
2026-05-07 14:30:38,327 - INFO - Computing node_percolation_targeted...
2026-05-07 14:30:38,333 - INFO - node_percolation_targeted completed in 0.005s
2026-05-07 14:30:38,333 - INFO - Computing node_percolation_random...
2026-05-07 14:30:38,345 - INFO - node_percolation_random completed in 0.013s
2026-05-07 14:30:38,345 - INFO - Computing frac_giant_ccomp...
2026-05-07 14:30:38,348 - INFO - frac_giant_ccomp completed in 0.003s
2026-05-07 14:30:38,348 - INFO - Computing concomp_sizes...
2026-05-07 14:30:38,349 - INFO - concomp_sizes completed in 0.001s
2026-05-07 14:30:38,349 - INFO - Computing degree...
2026-05-07 14:30:38,350 - INFO - degree completed in 0.001s
2026-05-07 14:30:38,351 - INFO - Computing local_ccoeff_nodes...
2026-05-07 14:30:38,354 - INFO - local_ccoeff_nodes completed in 0.003s
2026-05-07 14:30:38,354 - INFO - Computing pagerank...
2026-05-07 14:30:38,363 - INFO - pagerank completed in 0.009s
2026-05-07 14:30:38,363 - INFO - Computing kcore...
2026-05-07 14:30:38,364 - INFO - kcore completed in 0.001s
2026-05-07 14:30:38,364 - INFO - Total time taken: 0.136s
