=== 2026-05-15T03:49:50Z | pid=1736457 | host=nah-popos | EXECUTED ===
	Command being timed: "python /home/vltanh/Documents/netsci-research/network-generation/src/match_degree.py --input-edgelist examples/output/synthetic_networks/networks/ec-sbm-v3/sbm-flat-best+cc/dnc/0/.state/gen_outlier/edge.csv --ref-edgelist examples/input/empirical_networks/networks/dnc/dnc.csv --degree-matcher cluster_preserving_true_greedy --input-clustering examples/input/reference_clusterings/clusterings/sbm-flat-best+cc/dnc/com.csv --ref-clustering examples/input/reference_clusterings/clusterings/sbm-flat-best+cc/dnc/com.csv --outlier-mode combined --output-folder examples/output/synthetic_networks/networks/ec-sbm-v3/sbm-flat-best+cc/dnc/0/.state/match_degree/edges --seed 3"
	User time (seconds): 0.42
	System time (seconds): 0.03
	Percent of CPU this job got: 99%
	Elapsed (wall clock) time (h:mm:ss or m:ss): 0:00.45
	Average shared text size (kbytes): 0
	Average unshared data size (kbytes): 0
	Average stack size (kbytes): 0
	Average total size (kbytes): 0
	Maximum resident set size (kbytes): 87976
	Average resident set size (kbytes): 0
	Major (requiring I/O) page faults: 0
	Minor (reclaiming a frame) page faults: 15535
	Voluntary context switches: 22
	Involuntary context switches: 64
	Swaps: 0
	File system inputs: 0
	File system outputs: 56
	Socket messages sent: 0
	Socket messages received: 0
	Signals delivered: 0
	Page size (bytes): 4096
	Exit status: 0
=== exit=0 ===
