=== Invocation 2026-05-07T19:29:25Z | seed=n/a | keep_state=0 | pid=2391391 | host=nah-popos ===
2026-05-07 14:29:27,166 - INFO - Building graph via hashed edge list...
2026-05-07 14:29:27,230 - INFO - Graph built in 0.064s
2026-05-07 14:29:27,233 - INFO - node.idx saved in 0.004s
2026-05-07 14:29:27,233 - INFO - Computing n_nodes...
2026-05-07 14:29:27,234 - INFO - n_nodes completed in 0.001s
2026-05-07 14:29:27,234 - INFO - Computing n_edges...
2026-05-07 14:29:27,235 - INFO - n_edges completed in 0.001s
2026-05-07 14:29:27,235 - INFO - Computing n_concomp...
2026-05-07 14:29:27,236 - INFO - n_concomp completed in 0.001s
2026-05-07 14:29:27,236 - INFO - Computing mean_degree...
2026-05-07 14:29:27,236 - INFO - mean_degree completed in 0.001s
2026-05-07 14:29:27,236 - INFO - Computing deg_assort...
2026-05-07 14:29:27,243 - INFO - deg_assort completed in 0.006s
2026-05-07 14:29:27,243 - INFO - Computing mean_kcore...
2026-05-07 14:29:27,244 - INFO - mean_kcore completed in 0.001s
2026-05-07 14:29:27,244 - INFO - Computing global_ccoeff...
2026-05-07 14:29:27,249 - INFO - global_ccoeff completed in 0.004s
2026-05-07 14:29:27,249 - INFO - Computing local_ccoeff...
2026-05-07 14:29:27,250 - INFO - local_ccoeff completed in 0.002s
2026-05-07 14:29:27,250 - INFO - Computing pseudo_diameter...
2026-05-07 14:29:27,252 - INFO - pseudo_diameter completed in 0.002s
2026-05-07 14:29:27,252 - INFO - Computing char_time...
2026-05-07 14:29:27,271 - INFO - char_time completed in 0.019s
2026-05-07 14:29:27,271 - INFO - Computing node_percolation_targeted...
2026-05-07 14:29:27,275 - INFO - node_percolation_targeted completed in 0.004s
2026-05-07 14:29:27,275 - INFO - Computing node_percolation_random...
2026-05-07 14:29:27,286 - INFO - node_percolation_random completed in 0.010s
2026-05-07 14:29:27,286 - INFO - Computing frac_giant_ccomp...
2026-05-07 14:29:27,289 - INFO - frac_giant_ccomp completed in 0.003s
2026-05-07 14:29:27,289 - INFO - Computing concomp_sizes...
2026-05-07 14:29:27,290 - INFO - concomp_sizes completed in 0.001s
2026-05-07 14:29:27,290 - INFO - Computing degree...
2026-05-07 14:29:27,291 - INFO - degree completed in 0.001s
2026-05-07 14:29:27,291 - INFO - Computing local_ccoeff_nodes...
2026-05-07 14:29:27,292 - INFO - local_ccoeff_nodes completed in 0.001s
2026-05-07 14:29:27,292 - INFO - Computing pagerank...
2026-05-07 14:29:27,307 - INFO - pagerank completed in 0.014s
2026-05-07 14:29:27,307 - INFO - Computing kcore...
2026-05-07 14:29:27,308 - INFO - kcore completed in 0.001s
2026-05-07 14:29:27,308 - INFO - Total time taken: 0.143s
