	Command being timed: "python /home/vltanh/Documents/network-generation/network_evaluation/network_stats/compute_network_stats.py --network examples/output/synthetic_networks/networks/ec-sbm-v1/sbm-flat-best+cc/dnc/0/edge.csv --outdir examples/output/synthetic_networks/stats/ec-sbm-v1/sbm-flat-best+cc/dnc/0/network"
	User time (seconds): 0.95
	System time (seconds): 0.09
	Percent of CPU this job got: 95%
	Elapsed (wall clock) time (h:mm:ss or m:ss): 0:01.09
	Average shared text size (kbytes): 0
	Average unshared data size (kbytes): 0
	Average stack size (kbytes): 0
	Average total size (kbytes): 0
	Maximum resident set size (kbytes): 267864
	Average resident set size (kbytes): 0
	Major (requiring I/O) page faults: 561
	Minor (reclaiming a frame) page faults: 37645
	Voluntary context switches: 761
	Involuntary context switches: 90
	Swaps: 0
	File system inputs: 21096
	File system outputs: 368
	Socket messages sent: 0
	Socket messages received: 0
	Signals delivered: 0
	Page size (bytes): 4096
	Exit status: 0
