2026-05-07 14:30:06,510 - INFO - Building graph via hashed edge list...
2026-05-07 14:30:06,572 - INFO - Graph built in 0.062s
2026-05-07 14:30:06,576 - INFO - node.idx saved in 0.004s
2026-05-07 14:30:06,576 - INFO - Computing n_nodes...
2026-05-07 14:30:06,577 - INFO - n_nodes completed in 0.001s
2026-05-07 14:30:06,577 - INFO - Computing n_edges...
2026-05-07 14:30:06,577 - INFO - n_edges completed in 0.001s
2026-05-07 14:30:06,578 - INFO - Computing n_concomp...
2026-05-07 14:30:06,578 - INFO - n_concomp completed in 0.001s
2026-05-07 14:30:06,578 - INFO - Computing mean_degree...
2026-05-07 14:30:06,579 - INFO - mean_degree completed in 0.001s
2026-05-07 14:30:06,579 - INFO - Computing deg_assort...
2026-05-07 14:30:06,581 - INFO - deg_assort completed in 0.002s
2026-05-07 14:30:06,581 - INFO - Computing mean_kcore...
2026-05-07 14:30:06,582 - INFO - mean_kcore completed in 0.001s
2026-05-07 14:30:06,582 - INFO - Computing global_ccoeff...
2026-05-07 14:30:06,584 - INFO - global_ccoeff completed in 0.002s
2026-05-07 14:30:06,584 - INFO - Computing local_ccoeff...
2026-05-07 14:30:06,588 - INFO - local_ccoeff completed in 0.004s
2026-05-07 14:30:06,588 - INFO - Computing pseudo_diameter...
2026-05-07 14:30:06,590 - INFO - pseudo_diameter completed in 0.002s
2026-05-07 14:30:06,590 - INFO - Computing char_time...
2026-05-07 14:30:06,607 - INFO - char_time completed in 0.016s
2026-05-07 14:30:06,607 - INFO - Computing node_percolation_targeted...
2026-05-07 14:30:06,612 - INFO - node_percolation_targeted completed in 0.005s
2026-05-07 14:30:06,612 - INFO - Computing node_percolation_random...
2026-05-07 14:30:06,626 - INFO - node_percolation_random completed in 0.013s
2026-05-07 14:30:06,626 - INFO - Computing frac_giant_ccomp...
2026-05-07 14:30:06,627 - INFO - frac_giant_ccomp completed in 0.002s
2026-05-07 14:30:06,627 - INFO - Computing concomp_sizes...
2026-05-07 14:30:06,628 - INFO - concomp_sizes completed in 0.001s
2026-05-07 14:30:06,628 - INFO - Computing degree...
2026-05-07 14:30:06,629 - INFO - degree completed in 0.001s
2026-05-07 14:30:06,630 - INFO - Computing local_ccoeff_nodes...
2026-05-07 14:30:06,632 - INFO - local_ccoeff_nodes completed in 0.003s
2026-05-07 14:30:06,633 - INFO - Computing pagerank...
2026-05-07 14:30:06,646 - INFO - pagerank completed in 0.013s
2026-05-07 14:30:06,646 - INFO - Computing kcore...
2026-05-07 14:30:06,647 - INFO - kcore completed in 0.001s
2026-05-07 14:30:06,647 - INFO - Total time taken: 0.138s
