2026-05-14 22:49:43,784 - INFO - Starting EC-SBM clustered generation (method=res-deg-weighted)...
2026-05-14 22:49:43,784 - INFO - Stage 2 method=res-deg-weighted (sbm_overlay=False)...
2026-05-14 22:49:43,837 - INFO - Input loading elapsed: 0.0528 seconds
2026-05-14 22:49:43,837 - INFO - Generating cluster 0 (N=78 | k=1)
2026-05-14 22:49:43,842 - INFO - Generating cluster 1 (N=76 | k=1)
2026-05-14 22:49:43,846 - INFO - Generating cluster 2 (N=55 | k=1)
2026-05-14 22:49:43,849 - INFO - Generating cluster 3 (N=47 | k=1)
2026-05-14 22:49:43,851 - INFO - Generating cluster 4 (N=36 | k=1)
2026-05-14 22:49:43,853 - INFO - Generating cluster 5 (N=24 | k=1)
2026-05-14 22:49:43,854 - INFO - Generating cluster 6 (N=21 | k=2)
2026-05-14 22:49:43,856 - INFO - Generating cluster 7 (N=21 | k=1)
2026-05-14 22:49:43,857 - INFO - Generating cluster 8 (N=16 | k=1)
2026-05-14 22:49:43,858 - INFO - Generating cluster 9 (N=16 | k=4)
2026-05-14 22:49:43,860 - INFO - Generating cluster 10 (N=15 | k=3)
2026-05-14 22:49:43,861 - INFO - Generating cluster 11 (N=13 | k=2)
2026-05-14 22:49:43,862 - INFO - Generating cluster 12 (N=10 | k=9)
2026-05-14 22:49:43,863 - INFO - Generating cluster 13 (N=10 | k=3)
2026-05-14 22:49:43,864 - INFO - Generating cluster 14 (N=10 | k=7)
2026-05-14 22:49:43,865 - INFO - Generating cluster 15 (N=8 | k=2)
2026-05-14 22:49:43,865 - INFO - Generating cluster 16 (N=8 | k=1)
2026-05-14 22:49:43,866 - INFO - Generating cluster 17 (N=7 | k=5)
2026-05-14 22:49:43,866 - INFO - Generating cluster 18 (N=7 | k=3)
2026-05-14 22:49:43,867 - INFO - Generating cluster 19 (N=7 | k=2)
2026-05-14 22:49:43,867 - INFO - Generating cluster 20 (N=7 | k=6)
2026-05-14 22:49:43,868 - INFO - Generating cluster 21 (N=6 | k=5)
2026-05-14 22:49:43,868 - INFO - Generating cluster 22 (N=5 | k=4)
2026-05-14 22:49:43,868 - INFO - Generating cluster 23 (N=4 | k=3)
2026-05-14 22:49:43,868 - INFO - Generating cluster 24 (N=4 | k=1)
2026-05-14 22:49:43,869 - INFO - Generating cluster 25 (N=3 | k=2)
2026-05-14 22:49:43,869 - INFO - Generating cluster 26 (N=3 | k=2)
2026-05-14 22:49:43,869 - INFO - Generating cluster 27 (N=3 | k=1)
2026-05-14 22:49:43,869 - INFO - Generating cluster 28 (N=3 | k=1)
2026-05-14 22:49:43,869 - INFO - Generating cluster 29 (N=3 | k=1)
2026-05-14 22:49:43,869 - INFO - Generating cluster 30 (N=3 | k=2)
2026-05-14 22:49:43,869 - INFO - Generating cluster 31 (N=2 | k=1)
2026-05-14 22:49:43,869 - INFO - Generating cluster 32 (N=2 | k=1)
2026-05-14 22:49:43,869 - INFO - Generating cluster 33 (N=2 | k=1)
2026-05-14 22:49:43,869 - INFO - Generating cluster 34 (N=2 | k=1)
2026-05-14 22:49:43,869 - INFO - Generating cluster 35 (N=2 | k=1)
2026-05-14 22:49:43,869 - INFO - Generating cluster 36 (N=2 | k=1)
2026-05-14 22:49:43,869 - INFO - Generating cluster 37 (N=2 | k=1)
2026-05-14 22:49:43,869 - INFO - Generating cluster 38 (N=2 | k=1)
2026-05-14 22:49:43,869 - INFO - Generating cluster 39 (N=2 | k=1)
2026-05-14 22:49:43,870 - INFO - Generating cluster 40 (N=2 | k=1)
2026-05-14 22:49:43,870 - INFO - Generating cluster 41 (N=2 | k=1)
2026-05-14 22:49:43,870 - INFO - Generating cluster 42 (N=2 | k=1)
2026-05-14 22:49:43,870 - INFO - Generating cluster 43 (N=2 | k=1)
2026-05-14 22:49:43,870 - INFO - Generating cluster 44 (N=2 | k=1)
2026-05-14 22:49:43,870 - INFO - Generating cluster 45 (N=2 | k=1)
2026-05-14 22:49:43,870 - INFO - Generating cluster 46 (N=2 | k=1)
2026-05-14 22:49:43,870 - INFO - Generating cluster 47 (N=2 | k=1)
2026-05-14 22:49:43,870 - INFO - Generating cluster 48 (N=2 | k=1)
2026-05-14 22:49:43,870 - INFO - Generating cluster 49 (N=2 | k=1)
2026-05-14 22:49:43,870 - INFO - Generating cluster 50 (N=2 | k=1)
2026-05-14 22:49:43,870 - INFO - Generating cluster 51 (N=2 | k=1)
2026-05-14 22:49:43,870 - INFO - Generating cluster 52 (N=2 | k=1)
2026-05-14 22:49:43,870 - INFO - Generating cluster 53 (N=2 | k=1)
2026-05-14 22:49:43,870 - INFO - Generating cluster 54 (N=2 | k=1)
2026-05-14 22:49:43,870 - INFO - Generating cluster 55 (N=2 | k=1)
2026-05-14 22:49:43,870 - INFO - Generating cluster 56 (N=2 | k=1)
2026-05-14 22:49:43,870 - INFO - Generating cluster 57 (N=2 | k=1)
2026-05-14 22:49:43,870 - INFO - Generating cluster 58 (N=2 | k=1)
2026-05-14 22:49:43,870 - INFO - Generating cluster 59 (N=2 | k=1)
2026-05-14 22:49:43,870 - INFO - Generating cluster 60 (N=2 | k=1)
2026-05-14 22:49:43,870 - INFO - Generating cluster 61 (N=2 | k=1)
2026-05-14 22:49:43,870 - INFO - Generating cluster 62 (N=2 | k=1)
2026-05-14 22:49:43,870 - INFO - Generating cluster 63 (N=2 | k=1)
2026-05-14 22:49:43,870 - INFO - Generating cluster 64 (N=2 | k=1)
2026-05-14 22:49:43,871 - INFO - Generation of k-edge-connected cores elapsed: 0.0337 seconds
2026-05-14 22:49:43,873 - INFO - Exporting 781 constructive edges elapsed: 0.0020 seconds
2026-05-14 22:49:43,873 - INFO - Clustered generation complete.
