=== 2026-05-07T19:30:08Z | pid=2394469 | host=nah-popos | EXECUTED ===
	Command being timed: "python /home/vltanh/Documents/netsci-research/network-generation/externals/ec-sbm/src/gen_clustered.py --method res-deg-weighted --node-id /home/vltanh/Documents/netsci-research/network-generation/examples/output/synthetic_networks/networks/ec-sbm-v2/sbm-flat-best+cc/dnc/0/.state/profile/node_id.csv --cluster-id /home/vltanh/Documents/netsci-research/network-generation/examples/output/synthetic_networks/networks/ec-sbm-v2/sbm-flat-best+cc/dnc/0/.state/profile/cluster_id.csv --assignment /home/vltanh/Documents/netsci-research/network-generation/examples/output/synthetic_networks/networks/ec-sbm-v2/sbm-flat-best+cc/dnc/0/.state/profile/assignment.csv --degree /home/vltanh/Documents/netsci-research/network-generation/examples/output/synthetic_networks/networks/ec-sbm-v2/sbm-flat-best+cc/dnc/0/.state/profile/degree.csv --mincut /home/vltanh/Documents/netsci-research/network-generation/examples/output/synthetic_networks/networks/ec-sbm-v2/sbm-flat-best+cc/dnc/0/.state/profile/mincut.csv --edge-counts /home/vltanh/Documents/netsci-research/network-generation/examples/output/synthetic_networks/networks/ec-sbm-v2/sbm-flat-best+cc/dnc/0/.state/profile/edge_counts.csv --output-folder /home/vltanh/Documents/netsci-research/network-generation/examples/output/synthetic_networks/networks/ec-sbm-v2/sbm-flat-best+cc/dnc/0/.state/gen_clustered --seed 1 --no-sbm-overlay"
	User time (seconds): 0.49
	System time (seconds): 0.07
	Percent of CPU this job got: 98%
	Elapsed (wall clock) time (h:mm:ss or m:ss): 0:00.57
	Average shared text size (kbytes): 0
	Average unshared data size (kbytes): 0
	Average stack size (kbytes): 0
	Average total size (kbytes): 0
	Maximum resident set size (kbytes): 94576
	Average resident set size (kbytes): 0
	Major (requiring I/O) page faults: 0
	Minor (reclaiming a frame) page faults: 15801
	Voluntary context switches: 21
	Involuntary context switches: 174
	Swaps: 0
	File system inputs: 0
	File system outputs: 40
	Socket messages sent: 0
	Socket messages received: 0
	Signals delivered: 0
	Page size (bytes): 4096
	Exit status: 0
=== exit=0 ===
