	Command being timed: "python /home/vltanh/Documents/netsci-research/network_evaluation/network_stats/compute_cluster_stats.py --network /home/vltanh/Documents/netsci-research/network-generation/examples/input/empirical_networks/networks/dnc/dnc.csv --community /home/vltanh/Documents/netsci-research/network-generation/examples/input/reference_clusterings/clusterings/sbm-flat-best+cc/dnc/com.csv --outdir /home/vltanh/Documents/netsci-research/network-generation/examples/input/reference_clusterings/stats/sbm-flat-best+cc/dnc"
	User time (seconds): 1.85
	System time (seconds): 0.16
	Percent of CPU this job got: 99%
	Elapsed (wall clock) time (h:mm:ss or m:ss): 0:02.03
	Average shared text size (kbytes): 0
	Average unshared data size (kbytes): 0
	Average stack size (kbytes): 0
	Average total size (kbytes): 0
	Maximum resident set size (kbytes): 259732
	Average resident set size (kbytes): 0
	Major (requiring I/O) page faults: 0
	Minor (reclaiming a frame) page faults: 40810
	Voluntary context switches: 225
	Involuntary context switches: 353
	Swaps: 0
	File system inputs: 0
	File system outputs: 528
	Socket messages sent: 0
	Socket messages received: 0
	Signals delivered: 0
	Page size (bytes): 4096
	Exit status: 0
