	Command being timed: "python /path/to/network-generation/network_evaluation/network_stats/compute_network_stats.py --network examples/output/synthetic_networks/networks/ec-sbm-v2/sbm-flat-best+cc/dnc/0/edge.csv --outdir examples/output/synthetic_networks/stats/ec-sbm-v2/sbm-flat-best+cc/dnc/0/network"
	User time (seconds): 1.31
	System time (seconds): 0.82
	Percent of CPU this job got: 64%
	Elapsed (wall clock) time (h:mm:ss or m:ss): 0:03.29
	Average shared text size (kbytes): 0
	Average unshared data size (kbytes): 0
	Average stack size (kbytes): 0
	Average total size (kbytes): 0
	Maximum resident set size (kbytes): 208128
	Average resident set size (kbytes): 0
	Major (requiring I/O) page faults: 3
	Minor (reclaiming a frame) page faults: 77153
	Voluntary context switches: 4007
	Involuntary context switches: 607
	Swaps: 0
	File system inputs: 144
	File system outputs: 520
	Socket messages sent: 0
	Socket messages received: 0
	Signals delivered: 0
	Page size (bytes): 4096
	Exit status: 0
