2026-05-14 22:49:47,861 - INFO - Building graph via hashed edge list...
2026-05-14 22:49:47,900 - INFO - Graph built in 0.039s
2026-05-14 22:49:47,902 - INFO - node.idx saved in 0.002s
2026-05-14 22:49:47,902 - INFO - Computing n_nodes...
2026-05-14 22:49:47,903 - INFO - n_nodes completed in 0.000s
2026-05-14 22:49:47,903 - INFO - Computing n_edges...
2026-05-14 22:49:47,904 - INFO - n_edges completed in 0.001s
2026-05-14 22:49:47,904 - INFO - Computing n_concomp...
2026-05-14 22:49:47,905 - INFO - n_concomp completed in 0.001s
2026-05-14 22:49:47,905 - INFO - Computing mean_degree...
2026-05-14 22:49:47,905 - INFO - mean_degree completed in 0.001s
2026-05-14 22:49:47,905 - INFO - Computing deg_assort...
2026-05-14 22:49:47,907 - INFO - deg_assort completed in 0.001s
2026-05-14 22:49:47,907 - INFO - Computing mean_kcore...
2026-05-14 22:49:47,907 - INFO - mean_kcore completed in 0.001s
2026-05-14 22:49:47,907 - INFO - Computing global_ccoeff...
2026-05-14 22:49:47,909 - INFO - global_ccoeff completed in 0.001s
2026-05-14 22:49:47,909 - INFO - Computing local_ccoeff...
2026-05-14 22:49:47,910 - INFO - local_ccoeff completed in 0.001s
2026-05-14 22:49:47,910 - INFO - Computing pseudo_diameter...
2026-05-14 22:49:47,911 - INFO - pseudo_diameter completed in 0.001s
2026-05-14 22:49:47,911 - INFO - Computing char_time...
2026-05-14 22:49:47,920 - INFO - char_time completed in 0.009s
2026-05-14 22:49:47,920 - INFO - Computing node_percolation_targeted...
2026-05-14 22:49:47,923 - INFO - node_percolation_targeted completed in 0.003s
2026-05-14 22:49:47,923 - INFO - Computing node_percolation_random...
2026-05-14 22:49:47,929 - INFO - node_percolation_random completed in 0.006s
2026-05-14 22:49:47,929 - INFO - Computing frac_giant_ccomp...
2026-05-14 22:49:47,930 - INFO - frac_giant_ccomp completed in 0.001s
2026-05-14 22:49:47,930 - INFO - Computing concomp_sizes...
2026-05-14 22:49:47,931 - INFO - concomp_sizes completed in 0.000s
2026-05-14 22:49:47,931 - INFO - Computing degree...
2026-05-14 22:49:47,931 - INFO - degree completed in 0.000s
2026-05-14 22:49:47,931 - INFO - Computing local_ccoeff_nodes...
2026-05-14 22:49:47,932 - INFO - local_ccoeff_nodes completed in 0.001s
2026-05-14 22:49:47,932 - INFO - Computing pagerank...
2026-05-14 22:49:47,939 - INFO - pagerank completed in 0.007s
2026-05-14 22:49:47,939 - INFO - Computing kcore...
2026-05-14 22:49:47,940 - INFO - kcore completed in 0.001s
2026-05-14 22:49:47,940 - INFO - Total time taken: 0.079s
