2026-05-14 22:49:49,163 - INFO - Starting EC-SBM clustered generation (method=pso)...
2026-05-14 22:49:49,163 - INFO - Stage 2 method=pso seed=1 gamma=2.0 m_floor=1 strategy=secant initial_points=5 samples_per_T=3 t_min=0.01 t_max=0.99 max_iters=30 diff_tol=0.01
2026-05-14 22:49:49,222 - INFO - Input loading elapsed: 0.0591 seconds
2026-05-14 22:49:49,232 - INFO - Cluster iid=0 (id=19) n=78 k=1 m=1 target_cc=0.4503 best_T=0.5000 best_cc=0.0000 iters=2
2026-05-14 22:49:49,242 - INFO - Cluster iid=1 (id=17) n=76 k=1 m=1 target_cc=0.2583 best_T=0.5000 best_cc=0.0000 iters=2
2026-05-14 22:49:49,249 - INFO - Cluster iid=2 (id=13) n=55 k=1 m=1 target_cc=0.9855 best_T=0.5000 best_cc=0.0000 iters=2
2026-05-14 22:49:49,255 - INFO - Cluster iid=3 (id=16) n=47 k=1 m=1 target_cc=0.3314 best_T=0.5000 best_cc=0.0000 iters=2
2026-05-14 22:49:49,260 - INFO - Cluster iid=4 (id=20) n=36 k=1 m=1 target_cc=0.8837 best_T=0.5000 best_cc=0.0000 iters=2
2026-05-14 22:49:49,263 - INFO - Cluster iid=5 (id=14) n=24 k=1 m=1 target_cc=0.7403 best_T=0.5000 best_cc=0.0000 iters=2
2026-05-14 22:49:49,300 - INFO - Cluster iid=6 (id=2) n=21 k=2 m=2 target_cc=0.7513 best_T=0.0105 best_cc=0.2634 iters=30
2026-05-14 22:49:49,302 - INFO - Cluster iid=7 (id=22) n=21 k=1 m=1 target_cc=0.9945 best_T=0.5000 best_cc=0.0000 iters=2
2026-05-14 22:49:49,304 - INFO - Cluster iid=8 (id=10) n=16 k=1 m=1 target_cc=0.9545 best_T=0.5000 best_cc=0.0000 iters=2
2026-05-14 22:49:49,330 - INFO - Cluster iid=9 (id=3) n=16 k=4 m=4 target_cc=0.7657 best_T=0.0100 best_cc=0.5527 iters=30
2026-05-14 22:49:49,353 - INFO - Cluster iid=10 (id=5) n=15 k=3 m=3 target_cc=0.7267 best_T=0.0100 best_cc=0.4784 iters=28
2026-05-14 22:49:49,374 - INFO - Cluster iid=11 (id=12) n=13 k=2 m=2 target_cc=0.8064 best_T=0.0713 best_cc=0.3607 iters=30
2026-05-14 22:49:49,375 - INFO - Cluster iid=12 (id=11) n=10 k=9 m=9 target_cc=1.0000 best_T=0.5000 best_cc=1.0000 iters=1
2026-05-14 22:49:49,389 - INFO - Cluster iid=13 (id=24) n=10 k=3 m=3 target_cc=0.6731 best_T=0.0177 best_cc=0.5999 iters=30
2026-05-14 22:49:49,390 - INFO - Cluster iid=14 (id=9) n=10 k=7 m=7 target_cc=0.9297 best_T=0.5000 best_cc=0.9363 iters=1
2026-05-14 22:49:49,400 - INFO - Cluster iid=15 (id=0) n=8 k=2 m=2 target_cc=0.6000 best_T=0.0110 best_cc=0.4915 iters=25
2026-05-14 22:49:49,401 - INFO - Cluster iid=16 (id=8) n=8 k=1 m=1 target_cc=0.5625 best_T=0.5000 best_cc=0.0000 iters=2
2026-05-14 22:49:49,401 - INFO - Cluster iid=17 (id=1) n=7 k=5 m=5 target_cc=0.9474 best_T=0.5000 best_cc=0.9474 iters=1
2026-05-14 22:49:49,402 - INFO - Cluster iid=18 (id=15) n=7 k=3 m=3 target_cc=0.7869 best_T=0.2550 best_cc=0.7135 iters=3
2026-05-14 22:49:49,413 - INFO - Cluster iid=19 (id=36) n=7 k=2 m=2 target_cc=0.5294 best_T=0.0105 best_cc=0.5119 iters=30
2026-05-14 22:49:49,413 - INFO - Cluster iid=20 (id=4) n=7 k=6 m=6 target_cc=1.0000 best_T=0.5000 best_cc=1.0000 iters=1
2026-05-14 22:49:49,413 - INFO - Cluster iid=21 (id=7) n=6 k=5 m=5 target_cc=1.0000 best_T=0.5000 best_cc=1.0000 iters=1
2026-05-14 22:49:49,413 - INFO - Cluster iid=22 (id=18) n=5 k=4 m=4 target_cc=1.0000 best_T=0.5000 best_cc=1.0000 iters=1
2026-05-14 22:49:49,413 - INFO - Cluster iid=23 (id=21) n=4 k=3 m=3 target_cc=1.0000 best_T=0.5000 best_cc=1.0000 iters=1
2026-05-14 22:49:49,413 - INFO - Cluster iid=24 (id=53) n=4 k=1 m=1 target_cc=0.6000 best_T=0.5000 best_cc=0.0000 iters=2
2026-05-14 22:49:49,413 - INFO - Cluster iid=25 (id=25) n=3 k=2 m=2 target_cc=1.0000 best_T=0.5000 best_cc=1.0000 iters=1
2026-05-14 22:49:49,414 - INFO - Cluster iid=26 (id=26) n=3 k=2 m=2 target_cc=1.0000 best_T=0.5000 best_cc=1.0000 iters=1
2026-05-14 22:49:49,414 - INFO - Cluster iid=27 (id=29) n=3 k=1 m=1 target_cc=0.0000 best_T=0.5000 best_cc=0.0000 iters=1
2026-05-14 22:49:49,414 - INFO - Cluster iid=28 (id=32) n=3 k=1 m=1 target_cc=0.0000 best_T=0.5000 best_cc=0.0000 iters=1
2026-05-14 22:49:49,414 - INFO - Cluster iid=29 (id=54) n=3 k=1 m=1 target_cc=0.0000 best_T=0.5000 best_cc=0.0000 iters=1
2026-05-14 22:49:49,414 - INFO - Cluster iid=30 (id=6) n=3 k=2 m=2 target_cc=1.0000 best_T=0.5000 best_cc=1.0000 iters=1
2026-05-14 22:49:49,414 - INFO - Cluster iid=31 (id=23) n=2 k=1 m=1 target_cc=0.0000 best_T=0.5000 best_cc=0.0000 iters=1
2026-05-14 22:49:49,414 - INFO - Cluster iid=32 (id=27) n=2 k=1 m=1 target_cc=0.0000 best_T=0.5000 best_cc=0.0000 iters=1
2026-05-14 22:49:49,414 - INFO - Cluster iid=33 (id=28) n=2 k=1 m=1 target_cc=0.0000 best_T=0.5000 best_cc=0.0000 iters=1
2026-05-14 22:49:49,414 - INFO - Cluster iid=34 (id=30) n=2 k=1 m=1 target_cc=0.0000 best_T=0.5000 best_cc=0.0000 iters=1
2026-05-14 22:49:49,414 - INFO - Cluster iid=35 (id=31) n=2 k=1 m=1 target_cc=0.0000 best_T=0.5000 best_cc=0.0000 iters=1
2026-05-14 22:49:49,414 - INFO - Cluster iid=36 (id=33) n=2 k=1 m=1 target_cc=0.0000 best_T=0.5000 best_cc=0.0000 iters=1
2026-05-14 22:49:49,414 - INFO - Cluster iid=37 (id=34) n=2 k=1 m=1 target_cc=0.0000 best_T=0.5000 best_cc=0.0000 iters=1
2026-05-14 22:49:49,414 - INFO - Cluster iid=38 (id=35) n=2 k=1 m=1 target_cc=0.0000 best_T=0.5000 best_cc=0.0000 iters=1
2026-05-14 22:49:49,414 - INFO - Cluster iid=39 (id=37) n=2 k=1 m=1 target_cc=0.0000 best_T=0.5000 best_cc=0.0000 iters=1
2026-05-14 22:49:49,414 - INFO - Cluster iid=40 (id=38) n=2 k=1 m=1 target_cc=0.0000 best_T=0.5000 best_cc=0.0000 iters=1
2026-05-14 22:49:49,414 - INFO - Cluster iid=41 (id=39) n=2 k=1 m=1 target_cc=0.0000 best_T=0.5000 best_cc=0.0000 iters=1
2026-05-14 22:49:49,414 - INFO - Cluster iid=42 (id=40) n=2 k=1 m=1 target_cc=0.0000 best_T=0.5000 best_cc=0.0000 iters=1
2026-05-14 22:49:49,415 - INFO - Cluster iid=43 (id=41) n=2 k=1 m=1 target_cc=0.0000 best_T=0.5000 best_cc=0.0000 iters=1
2026-05-14 22:49:49,415 - INFO - Cluster iid=44 (id=42) n=2 k=1 m=1 target_cc=0.0000 best_T=0.5000 best_cc=0.0000 iters=1
2026-05-14 22:49:49,415 - INFO - Cluster iid=45 (id=43) n=2 k=1 m=1 target_cc=0.0000 best_T=0.5000 best_cc=0.0000 iters=1
2026-05-14 22:49:49,415 - INFO - Cluster iid=46 (id=44) n=2 k=1 m=1 target_cc=0.0000 best_T=0.5000 best_cc=0.0000 iters=1
2026-05-14 22:49:49,415 - INFO - Cluster iid=47 (id=45) n=2 k=1 m=1 target_cc=0.0000 best_T=0.5000 best_cc=0.0000 iters=1
2026-05-14 22:49:49,415 - INFO - Cluster iid=48 (id=46) n=2 k=1 m=1 target_cc=0.0000 best_T=0.5000 best_cc=0.0000 iters=1
2026-05-14 22:49:49,415 - INFO - Cluster iid=49 (id=47) n=2 k=1 m=1 target_cc=0.0000 best_T=0.5000 best_cc=0.0000 iters=1
2026-05-14 22:49:49,415 - INFO - Cluster iid=50 (id=48) n=2 k=1 m=1 target_cc=0.0000 best_T=0.5000 best_cc=0.0000 iters=1
2026-05-14 22:49:49,415 - INFO - Cluster iid=51 (id=49) n=2 k=1 m=1 target_cc=0.0000 best_T=0.5000 best_cc=0.0000 iters=1
2026-05-14 22:49:49,415 - INFO - Cluster iid=52 (id=50) n=2 k=1 m=1 target_cc=0.0000 best_T=0.5000 best_cc=0.0000 iters=1
2026-05-14 22:49:49,415 - INFO - Cluster iid=53 (id=51) n=2 k=1 m=1 target_cc=0.0000 best_T=0.5000 best_cc=0.0000 iters=1
2026-05-14 22:49:49,415 - INFO - Cluster iid=54 (id=52) n=2 k=1 m=1 target_cc=0.0000 best_T=0.5000 best_cc=0.0000 iters=1
2026-05-14 22:49:49,415 - INFO - Cluster iid=55 (id=55) n=2 k=1 m=1 target_cc=0.0000 best_T=0.5000 best_cc=0.0000 iters=1
2026-05-14 22:49:49,415 - INFO - Cluster iid=56 (id=56) n=2 k=1 m=1 target_cc=0.0000 best_T=0.5000 best_cc=0.0000 iters=1
2026-05-14 22:49:49,415 - INFO - Cluster iid=57 (id=57) n=2 k=1 m=1 target_cc=0.0000 best_T=0.5000 best_cc=0.0000 iters=1
2026-05-14 22:49:49,415 - INFO - Cluster iid=58 (id=58) n=2 k=1 m=1 target_cc=0.0000 best_T=0.5000 best_cc=0.0000 iters=1
2026-05-14 22:49:49,415 - INFO - Cluster iid=59 (id=59) n=2 k=1 m=1 target_cc=0.0000 best_T=0.5000 best_cc=0.0000 iters=1
2026-05-14 22:49:49,415 - INFO - Cluster iid=60 (id=60) n=2 k=1 m=1 target_cc=0.0000 best_T=0.5000 best_cc=0.0000 iters=1
2026-05-14 22:49:49,415 - INFO - Cluster iid=61 (id=61) n=2 k=1 m=1 target_cc=0.0000 best_T=0.5000 best_cc=0.0000 iters=1
2026-05-14 22:49:49,415 - INFO - Cluster iid=62 (id=62) n=2 k=1 m=1 target_cc=0.0000 best_T=0.5000 best_cc=0.0000 iters=1
2026-05-14 22:49:49,415 - INFO - Cluster iid=63 (id=63) n=2 k=1 m=1 target_cc=0.0000 best_T=0.5000 best_cc=0.0000 iters=1
2026-05-14 22:49:49,415 - INFO - Cluster iid=64 (id=64) n=2 k=1 m=1 target_cc=0.0000 best_T=0.5000 best_cc=0.0000 iters=1
2026-05-14 22:49:49,415 - INFO - Per-cluster PSO + T search elapsed: 0.1933 seconds
2026-05-14 22:49:49,419 - INFO - Exporting 781 PSO edges elapsed: 0.0040 seconds
2026-05-14 22:49:49,419 - INFO - Clustered generation complete.
