	Command being timed: "python /u/vltanh/ecsbmv2/network-generation/network_evaluation/network_stats/compute_cluster_stats.py --network examples/output/synthetic_networks/networks/sbm/sbm-flat-best+cc/dnc/0/edge.csv --community examples/output/synthetic_networks/networks/sbm/sbm-flat-best+cc/dnc/0/com.csv --outdir examples/output/synthetic_networks/stats/sbm/sbm-flat-best+cc/dnc/0/cluster"
	User time (seconds): 0.31
	System time (seconds): 0.21
	Percent of CPU this job got: 51%
	Elapsed (wall clock) time (h:mm:ss or m:ss): 0:01.02
	Average shared text size (kbytes): 0
	Average unshared data size (kbytes): 0
	Average stack size (kbytes): 0
	Average total size (kbytes): 0
	Maximum resident set size (kbytes): 73728
	Average resident set size (kbytes): 0
	Major (requiring I/O) page faults: 7
	Minor (reclaiming a frame) page faults: 18210
	Voluntary context switches: 1673
	Involuntary context switches: 32
	Swaps: 0
	File system inputs: 1104
	File system outputs: 352
	Socket messages sent: 0
	Socket messages received: 0
	Signals delivered: 0
	Page size (bytes): 4096
	Exit status: 0
