=== 2026-04-21T05:07:02Z | pid=2724522 | host=cc-login2.campuscluster.illinois.edu | EXECUTED ===
	Command being timed: "python /u/vltanh/ecsbmv2/network-generation/src/ec-sbm/common/profile.py --edgelist examples/input/empirical_networks/networks/dnc/dnc.csv --clustering examples/input/reference_clusterings/clusterings/sbm-flat-best+cc/dnc/com.csv --output-folder examples/output/synthetic_networks/networks/ec-sbm-v2/sbm-flat-best+cc/dnc/0/.state/profile --params-file examples/output/synthetic_networks/networks/ec-sbm-v2/sbm-flat-best+cc/dnc/0/.state/profile/params.txt"
	User time (seconds): 0.31
	System time (seconds): 0.24
	Percent of CPU this job got: 27%
	Elapsed (wall clock) time (h:mm:ss or m:ss): 0:02.02
	Average shared text size (kbytes): 0
	Average unshared data size (kbytes): 0
	Average stack size (kbytes): 0
	Average total size (kbytes): 0
	Maximum resident set size (kbytes): 70144
	Average resident set size (kbytes): 0
	Major (requiring I/O) page faults: 26
	Minor (reclaiming a frame) page faults: 18330
	Voluntary context switches: 1696
	Involuntary context switches: 51
	Swaps: 0
	File system inputs: 3088
	File system outputs: 96
	Socket messages sent: 0
	Socket messages received: 0
	Signals delivered: 0
	Page size (bytes): 4096
	Exit status: 0
=== exit=0 ===
