=== Invocation 2026-04-21T00:00:56Z | seed=1 | keep_state=1 | pid=1958045 | host=cc-login2.campuscluster.illinois.edu ===
=== [Stage 1 (profile)] examples/output/synthetic_networks/networks/npso/sbm-flat-best+cc/dnc/0/.state/setup/time_and_err.log ===
[Stage 1 (profile)] === 2026-04-21T00:00:56Z | pid=1958045 | host=cc-login2.campuscluster.illinois.edu | EXECUTED ===
[Stage 1 (profile)] 	Command being timed: "python /u/vltanh/ecsbmv2/network-generation/src/npso/profile.py --edgelist examples/input/empirical_networks/networks/dnc/dnc.csv --clustering examples/input/reference_clusterings/clusterings/sbm-flat-best+cc/dnc/com.csv --output-folder examples/output/synthetic_networks/networks/npso/sbm-flat-best+cc/dnc/0/.state/setup"
[Stage 1 (profile)] 	User time (seconds): 0.36
[Stage 1 (profile)] 	System time (seconds): 0.50
[Stage 1 (profile)] 	Percent of CPU this job got: 2%
[Stage 1 (profile)] 	Elapsed (wall clock) time (h:mm:ss or m:ss): 0:31.95
[Stage 1 (profile)] 	Average shared text size (kbytes): 0
[Stage 1 (profile)] 	Average unshared data size (kbytes): 0
[Stage 1 (profile)] 	Average stack size (kbytes): 0
[Stage 1 (profile)] 	Average total size (kbytes): 0
[Stage 1 (profile)] 	Maximum resident set size (kbytes): 66048
[Stage 1 (profile)] 	Average resident set size (kbytes): 0
[Stage 1 (profile)] 	Major (requiring I/O) page faults: 1472
[Stage 1 (profile)] 	Minor (reclaiming a frame) page faults: 15155
[Stage 1 (profile)] 	Voluntary context switches: 6424
[Stage 1 (profile)] 	Involuntary context switches: 195
[Stage 1 (profile)] 	Swaps: 0
[Stage 1 (profile)] 	File system inputs: 181328
[Stage 1 (profile)] 	File system outputs: 40
[Stage 1 (profile)] 	Socket messages sent: 0
[Stage 1 (profile)] 	Socket messages received: 0
[Stage 1 (profile)] 	Signals delivered: 0
[Stage 1 (profile)] 	Page size (bytes): 4096
[Stage 1 (profile)] 	Exit status: 0
[Stage 1 (profile)] === exit=0 ===

=== [Stage 1 (profile)] examples/output/synthetic_networks/networks/npso/sbm-flat-best+cc/dnc/0/.state/setup/run.log ===
[Stage 1 (profile)] 2026-04-20 19:01:27,593 - INFO - Input reading elapsed: 0.6817 seconds
[Stage 1 (profile)] 2026-04-20 19:01:27,594 - INFO - Mappings computation elapsed: 0.0015 seconds
[Stage 1 (profile)] 2026-04-20 19:01:27,631 - INFO - Outputs export elapsed: 0.0364 seconds

=== [Stage 2 (gen)] examples/output/synthetic_networks/networks/npso/sbm-flat-best+cc/dnc/0/.state/gen/time_and_err.log ===
[Stage 2 (gen)] === 2026-04-21T00:01:28Z | pid=1958045 | host=cc-login2.campuscluster.illinois.edu | EXECUTED ===
[Stage 2 (gen)] 	Command being timed: "python /u/vltanh/ecsbmv2/network-generation/src/npso/gen.py --input-edgelist examples/input/empirical_networks/networks/dnc/dnc.csv --degree examples/output/synthetic_networks/networks/npso/sbm-flat-best+cc/dnc/0/.state/setup/degree.csv --cluster-sizes examples/output/synthetic_networks/networks/npso/sbm-flat-best+cc/dnc/0/.state/setup/cluster_sizes.csv --npso-dir /u/vltanh/ecsbmv2/network-generation/externals/npso --n-threads 1 --output-folder examples/output/synthetic_networks/networks/npso/sbm-flat-best+cc/dnc/0/.state/gen --seed 1"
[Stage 2 (gen)] 	User time (seconds): 1.84
[Stage 2 (gen)] 	System time (seconds): 1.19
[Stage 2 (gen)] 	Percent of CPU this job got: 3%
[Stage 2 (gen)] 	Elapsed (wall clock) time (h:mm:ss or m:ss): 1:40.35
[Stage 2 (gen)] 	Average shared text size (kbytes): 0
[Stage 2 (gen)] 	Average unshared data size (kbytes): 0
[Stage 2 (gen)] 	Average stack size (kbytes): 0
[Stage 2 (gen)] 	Average total size (kbytes): 0
[Stage 2 (gen)] 	Maximum resident set size (kbytes): 280564
[Stage 2 (gen)] 	Average resident set size (kbytes): 0
[Stage 2 (gen)] 	Major (requiring I/O) page faults: 1108
[Stage 2 (gen)] 	Minor (reclaiming a frame) page faults: 84488
[Stage 2 (gen)] 	Voluntary context switches: 17194
[Stage 2 (gen)] 	Involuntary context switches: 500
[Stage 2 (gen)] 	Swaps: 0
[Stage 2 (gen)] 	File system inputs: 158544
[Stage 2 (gen)] 	File system outputs: 440
[Stage 2 (gen)] 	Socket messages sent: 0
[Stage 2 (gen)] 	Socket messages received: 0
[Stage 2 (gen)] 	Signals delivered: 0
[Stage 2 (gen)] 	Page size (bytes): 4096
[Stage 2 (gen)] 	Exit status: 0
[Stage 2 (gen)] === exit=0 ===

=== [Stage 2 (gen)] examples/output/synthetic_networks/networks/npso/sbm-flat-best+cc/dnc/0/.state/gen/run.log ===
[Stage 2 (gen)] 2026-04-20 19:02:18,469 - INFO - Starting nPSO Generation...
[Stage 2 (gen)] 2026-04-20 19:02:18,469 - INFO - Seed: 1 n_threads: 1
[Stage 2 (gen)] 2026-04-20 19:02:18,586 - INFO - N=906 m=12 gamma=2.0 c=442 target_ccoeff=0.5482011904886444
[Stage 2 (gen)] 2026-04-20 19:02:18,586 - INFO - Input loading + parameter computation elapsed: 0.1160 seconds
[Stage 2 (gen)] 2026-04-20 19:02:18,587 - INFO - Starting persistent MATLAB engine session...
[Stage 2 (gen)] 2026-04-20 19:03:03,699 - INFO - [iter 0] T=0.5
[Stage 2 (gen)] 2026-04-20 19:03:04,892 - INFO - Generation elapsed: 1.1929 seconds
[Stage 2 (gen)] 2026-04-20 19:03:05,331 - INFO - Global clustering coefficient: 0.0959388453563607
[Stage 2 (gen)] 2026-04-20 19:03:05,335 - INFO - Step: 2.0  Best T: 0.5  Best ccoeff: 0.0959388453563607  Best diff: 0.45226234513228364
[Stage 2 (gen)] 2026-04-20 19:03:05,335 - INFO - [iter 1] T=0.25
[Stage 2 (gen)] 2026-04-20 19:03:05,965 - INFO - Generation elapsed: 0.6300 seconds
[Stage 2 (gen)] 2026-04-20 19:03:05,970 - INFO - Global clustering coefficient: 0.09685808314685139
[Stage 2 (gen)] 2026-04-20 19:03:05,975 - INFO - Step: 0.0009192377904906901  Best T: 0.25  Best ccoeff: 0.09685808314685139  Best diff: 0.45134310734179295
[Stage 2 (gen)] 2026-04-20 19:03:05,975 - INFO - [iter 2] T=0.125
[Stage 2 (gen)] 2026-04-20 19:03:06,280 - INFO - Generation elapsed: 0.3052 seconds
[Stage 2 (gen)] 2026-04-20 19:03:06,286 - INFO - Global clustering coefficient: 0.09769032821139921
[Stage 2 (gen)] 2026-04-20 19:03:06,290 - INFO - Step: 0.0008322450645478208  Best T: 0.125  Best ccoeff: 0.09769032821139921  Best diff: 0.4505108622772451
[Stage 2 (gen)] 2026-04-20 19:03:06,290 - INFO - [iter 3] T=0.0625
[Stage 2 (gen)] 2026-04-20 19:03:06,581 - INFO - Generation elapsed: 0.2908 seconds
[Stage 2 (gen)] 2026-04-20 19:03:06,587 - INFO - Global clustering coefficient: 0.0988167930129827
[Stage 2 (gen)] 2026-04-20 19:03:06,591 - INFO - Step: 0.0011264648015834877  Best T: 0.0625  Best ccoeff: 0.0988167930129827  Best diff: 0.44938439747566167
[Stage 2 (gen)] 2026-04-20 19:03:06,591 - INFO - [iter 4] T=0.03125
[Stage 2 (gen)] 2026-04-20 19:03:06,932 - INFO - Generation elapsed: 0.3411 seconds
[Stage 2 (gen)] 2026-04-20 19:03:06,938 - INFO - Global clustering coefficient: 0.09830969689168513
[Stage 2 (gen)] 2026-04-20 19:03:06,942 - INFO - Step: 0.0005070961212975678  Best T: 0.0625  Best ccoeff: 0.0988167930129827  Best diff: 0.44938439747566167
[Stage 2 (gen)] 2026-04-20 19:03:06,942 - INFO - [iter 5] T=0.015625
[Stage 2 (gen)] 2026-04-20 19:03:07,208 - INFO - Generation elapsed: 0.2655 seconds
[Stage 2 (gen)] 2026-04-20 19:03:07,214 - INFO - Global clustering coefficient: 0.09804844048476406
[Stage 2 (gen)] 2026-04-20 19:03:07,218 - INFO - Step: 0.00026125640692106766  Best T: 0.0625  Best ccoeff: 0.0988167930129827  Best diff: 0.44938439747566167
[Stage 2 (gen)] 2026-04-20 19:03:07,218 - INFO - [iter 6] T=0.0078125
[Stage 2 (gen)] 2026-04-20 19:03:07,478 - INFO - Generation elapsed: 0.2594 seconds
[Stage 2 (gen)] 2026-04-20 19:03:07,484 - INFO - Global clustering coefficient: 0.09797572720239264
[Stage 2 (gen)] 2026-04-20 19:03:07,488 - INFO - Step: 7.271328237141994e-05  Best T: 0.0625  Best ccoeff: 0.0988167930129827  Best diff: 0.44938439747566167
[Stage 2 (gen)] 2026-04-20 19:03:07,826 - INFO - Dropping 124 singleton cluster(s) from com.csv
[Stage 2 (gen)] 2026-04-20 19:03:07,837 - INFO - nPSO generation complete.

