=== 2026-04-21T17:43:32Z | pid=2255777 | host=cc-login2.campuscluster.illinois.edu | EXECUTED ===
	Command being timed: "python /u/vltanh/ecsbmv2/network-generation/src/ec-sbm/common/combine_edgelists.py --edgelist-1 examples/output/synthetic_networks/networks/ec-sbm-v2/sbm-flat-best+cc/dnc/0/.state/gen_outlier/edge.csv --json-1 examples/output/synthetic_networks/networks/ec-sbm-v2/sbm-flat-best+cc/dnc/0/.state/gen_outlier/sources.json --edgelist-2 examples/output/synthetic_networks/networks/ec-sbm-v2/sbm-flat-best+cc/dnc/0/.state/match_degree/edges/degree_matching_edge.csv --name-2 match_degree --output-folder examples/output/synthetic_networks/networks/ec-sbm-v2/sbm-flat-best+cc/dnc/0/.state/match_degree --output-filename edge.csv"
	User time (seconds): 0.28
	System time (seconds): 0.21
	Percent of CPU this job got: 59%
	Elapsed (wall clock) time (h:mm:ss or m:ss): 0:00.82
	Average shared text size (kbytes): 0
	Average unshared data size (kbytes): 0
	Average stack size (kbytes): 0
	Average total size (kbytes): 0
	Maximum resident set size (kbytes): 70656
	Average resident set size (kbytes): 0
	Major (requiring I/O) page faults: 0
	Minor (reclaiming a frame) page faults: 17620
	Voluntary context switches: 1469
	Involuntary context switches: 5
	Swaps: 0
	File system inputs: 0
	File system outputs: 224
	Socket messages sent: 0
	Socket messages received: 0
	Signals delivered: 0
	Page size (bytes): 4096
	Exit status: 0
=== exit=0 ===
