=== 2026-05-07T19:29:30Z | pid=2391743 | host=nah-popos | EXECUTED ===
	Command being timed: "python /home/vltanh/Documents/netsci-research/network-generation/src/abcd/gen.py --degree /home/vltanh/Documents/netsci-research/network-generation/examples/output/synthetic_networks/networks/abcd/sbm-flat-best+cc/dnc/0/.state/setup/degree.csv --cluster-sizes /home/vltanh/Documents/netsci-research/network-generation/examples/output/synthetic_networks/networks/abcd/sbm-flat-best+cc/dnc/0/.state/setup/cluster_sizes.csv --mixing-parameter /home/vltanh/Documents/netsci-research/network-generation/examples/output/synthetic_networks/networks/abcd/sbm-flat-best+cc/dnc/0/.state/setup/mixing_parameter.txt --abcd-dir /home/vltanh/Documents/netsci-research/network-generation/externals/abcd --output-folder /home/vltanh/Documents/netsci-research/network-generation/examples/output/synthetic_networks/networks/abcd/sbm-flat-best+cc/dnc/0/.state/gen --seed 1"
	User time (seconds): 8.83
	System time (seconds): 0.27
	Percent of CPU this job got: 107%
	Elapsed (wall clock) time (h:mm:ss or m:ss): 0:08.47
	Average shared text size (kbytes): 0
	Average unshared data size (kbytes): 0
	Average stack size (kbytes): 0
	Average total size (kbytes): 0
	Maximum resident set size (kbytes): 484668
	Average resident set size (kbytes): 0
	Major (requiring I/O) page faults: 0
	Minor (reclaiming a frame) page faults: 98332
	Voluntary context switches: 44
	Involuntary context switches: 1185
	Swaps: 0
	File system inputs: 0
	File system outputs: 320
	Socket messages sent: 0
	Socket messages received: 0
	Signals delivered: 0
	Page size (bytes): 4096
	Exit status: 0
=== exit=0 ===
