2026-05-07 14:29:57,097 - INFO - Starting EC-SBM clustered generation (method=res-deg-weighted)...
2026-05-07 14:29:58,634 - INFO - Stage 2 method=res-deg-weighted (sbm_overlay=True)...
2026-05-07 14:29:58,709 - INFO - Input loading elapsed: 0.0744 seconds
2026-05-07 14:29:58,709 - INFO - Generating cluster 0 (N=78 | k=1)
2026-05-07 14:29:58,713 - INFO - Generating cluster 1 (N=76 | k=1)
2026-05-07 14:29:58,717 - INFO - Generating cluster 2 (N=55 | k=1)
2026-05-07 14:29:58,719 - INFO - Generating cluster 3 (N=47 | k=1)
2026-05-07 14:29:58,721 - INFO - Generating cluster 4 (N=36 | k=1)
2026-05-07 14:29:58,723 - INFO - Generating cluster 5 (N=24 | k=1)
2026-05-07 14:29:58,724 - INFO - Generating cluster 6 (N=21 | k=2)
2026-05-07 14:29:58,725 - INFO - Generating cluster 7 (N=21 | k=1)
2026-05-07 14:29:58,726 - INFO - Generating cluster 8 (N=16 | k=1)
2026-05-07 14:29:58,727 - INFO - Generating cluster 9 (N=16 | k=4)
2026-05-07 14:29:58,729 - INFO - Generating cluster 10 (N=15 | k=3)
2026-05-07 14:29:58,730 - INFO - Generating cluster 11 (N=13 | k=2)
2026-05-07 14:29:58,731 - INFO - Generating cluster 12 (N=10 | k=9)
2026-05-07 14:29:58,733 - INFO - Generating cluster 13 (N=10 | k=3)
2026-05-07 14:29:58,734 - INFO - Generating cluster 14 (N=10 | k=7)
2026-05-07 14:29:58,736 - INFO - Generating cluster 15 (N=8 | k=2)
2026-05-07 14:29:58,736 - INFO - Generating cluster 16 (N=8 | k=1)
2026-05-07 14:29:58,737 - INFO - Generating cluster 17 (N=7 | k=5)
2026-05-07 14:29:58,738 - INFO - Generating cluster 18 (N=7 | k=3)
2026-05-07 14:29:58,738 - INFO - Generating cluster 19 (N=7 | k=2)
2026-05-07 14:29:58,739 - INFO - Generating cluster 20 (N=7 | k=6)
2026-05-07 14:29:58,740 - INFO - Generating cluster 21 (N=6 | k=5)
2026-05-07 14:29:58,741 - INFO - Generating cluster 22 (N=5 | k=4)
2026-05-07 14:29:58,742 - INFO - Generating cluster 23 (N=4 | k=3)
2026-05-07 14:29:58,742 - INFO - Generating cluster 24 (N=4 | k=1)
2026-05-07 14:29:58,743 - INFO - Generating cluster 25 (N=3 | k=2)
2026-05-07 14:29:58,743 - INFO - Generating cluster 26 (N=3 | k=2)
2026-05-07 14:29:58,743 - INFO - Generating cluster 27 (N=3 | k=1)
2026-05-07 14:29:58,743 - INFO - Generating cluster 28 (N=3 | k=1)
2026-05-07 14:29:58,743 - INFO - Generating cluster 29 (N=3 | k=1)
2026-05-07 14:29:58,744 - INFO - Generating cluster 30 (N=3 | k=2)
2026-05-07 14:29:58,744 - INFO - Generating cluster 31 (N=2 | k=1)
2026-05-07 14:29:58,744 - INFO - Generating cluster 32 (N=2 | k=1)
2026-05-07 14:29:58,744 - INFO - Generating cluster 33 (N=2 | k=1)
2026-05-07 14:29:58,744 - INFO - Generating cluster 34 (N=2 | k=1)
2026-05-07 14:29:58,744 - INFO - Generating cluster 35 (N=2 | k=1)
2026-05-07 14:29:58,744 - INFO - Generating cluster 36 (N=2 | k=1)
2026-05-07 14:29:58,744 - INFO - Generating cluster 37 (N=2 | k=1)
2026-05-07 14:29:58,744 - INFO - Generating cluster 38 (N=2 | k=1)
2026-05-07 14:29:58,744 - INFO - Generating cluster 39 (N=2 | k=1)
2026-05-07 14:29:58,744 - INFO - Generating cluster 40 (N=2 | k=1)
2026-05-07 14:29:58,744 - INFO - Generating cluster 41 (N=2 | k=1)
2026-05-07 14:29:58,744 - INFO - Generating cluster 42 (N=2 | k=1)
2026-05-07 14:29:58,745 - INFO - Generating cluster 43 (N=2 | k=1)
2026-05-07 14:29:58,745 - INFO - Generating cluster 44 (N=2 | k=1)
2026-05-07 14:29:58,745 - INFO - Generating cluster 45 (N=2 | k=1)
2026-05-07 14:29:58,745 - INFO - Generating cluster 46 (N=2 | k=1)
2026-05-07 14:29:58,745 - INFO - Generating cluster 47 (N=2 | k=1)
2026-05-07 14:29:58,745 - INFO - Generating cluster 48 (N=2 | k=1)
2026-05-07 14:29:58,745 - INFO - Generating cluster 49 (N=2 | k=1)
2026-05-07 14:29:58,745 - INFO - Generating cluster 50 (N=2 | k=1)
2026-05-07 14:29:58,745 - INFO - Generating cluster 51 (N=2 | k=1)
2026-05-07 14:29:58,745 - INFO - Generating cluster 52 (N=2 | k=1)
2026-05-07 14:29:58,745 - INFO - Generating cluster 53 (N=2 | k=1)
2026-05-07 14:29:58,745 - INFO - Generating cluster 54 (N=2 | k=1)
2026-05-07 14:29:58,745 - INFO - Generating cluster 55 (N=2 | k=1)
2026-05-07 14:29:58,745 - INFO - Generating cluster 56 (N=2 | k=1)
2026-05-07 14:29:58,745 - INFO - Generating cluster 57 (N=2 | k=1)
2026-05-07 14:29:58,745 - INFO - Generating cluster 58 (N=2 | k=1)
2026-05-07 14:29:58,746 - INFO - Generating cluster 59 (N=2 | k=1)
2026-05-07 14:29:58,746 - INFO - Generating cluster 60 (N=2 | k=1)
2026-05-07 14:29:58,746 - INFO - Generating cluster 61 (N=2 | k=1)
2026-05-07 14:29:58,746 - INFO - Generating cluster 62 (N=2 | k=1)
2026-05-07 14:29:58,746 - INFO - Generating cluster 63 (N=2 | k=1)
2026-05-07 14:29:58,746 - INFO - Generating cluster 64 (N=2 | k=1)
2026-05-07 14:29:58,746 - INFO - Generation of k-edge-connected cores elapsed: 0.0370 seconds
2026-05-07 14:29:58,750 - INFO - SBM overlay synthesis elapsed: 0.0035 seconds
2026-05-07 14:29:58,766 - INFO - Export elapsed: 0.0167 seconds
2026-05-07 14:29:58,767 - INFO - Clustered generation complete.
