	Command being timed: "python /home/vltanh/Documents/netsci-research/network-generation/network_evaluation/network_stats/compute_network_stats.py --network /home/vltanh/Documents/netsci-research/network-generation/examples/output/synthetic_networks/networks/abcd/sbm-flat-best+cc/dnc/0/edge.csv --outdir /home/vltanh/Documents/netsci-research/network-generation/examples/output/synthetic_networks/stats/abcd/sbm-flat-best+cc/dnc/0/network"
	User time (seconds): 1.82
	System time (seconds): 0.16
	Percent of CPU this job got: 99%
	Elapsed (wall clock) time (h:mm:ss or m:ss): 0:01.99
	Average shared text size (kbytes): 0
	Average unshared data size (kbytes): 0
	Average stack size (kbytes): 0
	Average total size (kbytes): 0
	Maximum resident set size (kbytes): 268984
	Average resident set size (kbytes): 0
	Major (requiring I/O) page faults: 0
	Minor (reclaiming a frame) page faults: 37955
	Voluntary context switches: 2847
	Involuntary context switches: 556
	Swaps: 0
	File system inputs: 0
	File system outputs: 384
	Socket messages sent: 0
	Socket messages received: 0
	Signals delivered: 0
	Page size (bytes): 4096
	Exit status: 0
