2026-05-07 14:29:42,576 - INFO - Building graph via hashed edge list...
2026-05-07 14:29:42,640 - INFO - Graph built in 0.064s
2026-05-07 14:29:42,644 - INFO - node.idx saved in 0.003s
2026-05-07 14:29:42,644 - INFO - Computing n_nodes...
2026-05-07 14:29:42,645 - INFO - n_nodes completed in 0.001s
2026-05-07 14:29:42,645 - INFO - Computing n_edges...
2026-05-07 14:29:42,645 - INFO - n_edges completed in 0.001s
2026-05-07 14:29:42,646 - INFO - Computing n_concomp...
2026-05-07 14:29:42,646 - INFO - n_concomp completed in 0.001s
2026-05-07 14:29:42,646 - INFO - Computing mean_degree...
2026-05-07 14:29:42,647 - INFO - mean_degree completed in 0.001s
2026-05-07 14:29:42,647 - INFO - Computing deg_assort...
2026-05-07 14:29:42,649 - INFO - deg_assort completed in 0.001s
2026-05-07 14:29:42,649 - INFO - Computing mean_kcore...
2026-05-07 14:29:42,650 - INFO - mean_kcore completed in 0.002s
2026-05-07 14:29:42,650 - INFO - Computing global_ccoeff...
2026-05-07 14:29:42,653 - INFO - global_ccoeff completed in 0.003s
2026-05-07 14:29:42,653 - INFO - Computing local_ccoeff...
2026-05-07 14:29:42,658 - INFO - local_ccoeff completed in 0.004s
2026-05-07 14:29:42,658 - INFO - Computing pseudo_diameter...
2026-05-07 14:29:42,662 - INFO - pseudo_diameter completed in 0.004s
2026-05-07 14:29:42,662 - INFO - Computing char_time...
2026-05-07 14:29:42,685 - INFO - char_time completed in 0.024s
2026-05-07 14:29:42,685 - INFO - Computing node_percolation_targeted...
2026-05-07 14:29:42,689 - INFO - node_percolation_targeted completed in 0.004s
2026-05-07 14:29:42,689 - INFO - Computing node_percolation_random...
2026-05-07 14:29:42,701 - INFO - node_percolation_random completed in 0.012s
2026-05-07 14:29:42,701 - INFO - Computing frac_giant_ccomp...
2026-05-07 14:29:42,705 - INFO - frac_giant_ccomp completed in 0.004s
2026-05-07 14:29:42,705 - INFO - Computing concomp_sizes...
2026-05-07 14:29:42,705 - INFO - concomp_sizes completed in 0.001s
2026-05-07 14:29:42,705 - INFO - Computing degree...
2026-05-07 14:29:42,706 - INFO - degree completed in 0.001s
2026-05-07 14:29:42,706 - INFO - Computing local_ccoeff_nodes...
2026-05-07 14:29:42,708 - INFO - local_ccoeff_nodes completed in 0.002s
2026-05-07 14:29:42,708 - INFO - Computing pagerank...
2026-05-07 14:29:42,717 - INFO - pagerank completed in 0.009s
2026-05-07 14:29:42,718 - INFO - Computing kcore...
2026-05-07 14:29:42,719 - INFO - kcore completed in 0.002s
2026-05-07 14:29:42,719 - INFO - Total time taken: 0.143s
