=== 2026-04-21T05:07:09Z | pid=2724522 | host=cc-login2.campuscluster.illinois.edu | EXECUTED ===
	Command being timed: "python /u/vltanh/ecsbmv2/network-generation/src/ec-sbm/v2/match_degree.py --input-edgelist examples/output/synthetic_networks/networks/ec-sbm-v2/sbm-flat-best+cc/dnc/0/.state/gen_outlier/edge.csv --ref-edgelist examples/input/empirical_networks/networks/dnc/dnc.csv --ref-clustering examples/input/reference_clusterings/clusterings/sbm-flat-best+cc/dnc/com.csv --algorithm true_greedy --output-folder examples/output/synthetic_networks/networks/ec-sbm-v2/sbm-flat-best+cc/dnc/0/.state/match_degree/edges --seed 3"
	User time (seconds): 0.30
	System time (seconds): 0.23
	Percent of CPU this job got: 59%
	Elapsed (wall clock) time (h:mm:ss or m:ss): 0:00.90
	Average shared text size (kbytes): 0
	Average unshared data size (kbytes): 0
	Average stack size (kbytes): 0
	Average total size (kbytes): 0
	Maximum resident set size (kbytes): 72704
	Average resident set size (kbytes): 0
	Major (requiring I/O) page faults: 0
	Minor (reclaiming a frame) page faults: 18020
	Voluntary context switches: 1465
	Involuntary context switches: 16
	Swaps: 0
	File system inputs: 0
	File system outputs: 64
	Socket messages sent: 0
	Socket messages received: 0
	Signals delivered: 0
	Page size (bytes): 4096
	Exit status: 0
=== exit=0 ===
