2026-05-07 14:31:23,284 - INFO - Building graph via hashed edge list...
2026-05-07 14:31:23,347 - INFO - Graph built in 0.063s
2026-05-07 14:31:23,352 - INFO - node.idx saved in 0.004s
2026-05-07 14:31:23,352 - INFO - Computing n_nodes...
2026-05-07 14:31:23,353 - INFO - n_nodes completed in 0.001s
2026-05-07 14:31:23,353 - INFO - Computing n_edges...
2026-05-07 14:31:23,354 - INFO - n_edges completed in 0.001s
2026-05-07 14:31:23,354 - INFO - Computing n_concomp...
2026-05-07 14:31:23,355 - INFO - n_concomp completed in 0.001s
2026-05-07 14:31:23,355 - INFO - Computing mean_degree...
2026-05-07 14:31:23,356 - INFO - mean_degree completed in 0.001s
2026-05-07 14:31:23,356 - INFO - Computing deg_assort...
2026-05-07 14:31:23,359 - INFO - deg_assort completed in 0.003s
2026-05-07 14:31:23,359 - INFO - Computing mean_kcore...
2026-05-07 14:31:23,360 - INFO - mean_kcore completed in 0.001s
2026-05-07 14:31:23,361 - INFO - Computing global_ccoeff...
2026-05-07 14:31:23,362 - INFO - global_ccoeff completed in 0.002s
2026-05-07 14:31:23,362 - INFO - Computing local_ccoeff...
2026-05-07 14:31:23,364 - INFO - local_ccoeff completed in 0.002s
2026-05-07 14:31:23,364 - INFO - Computing pseudo_diameter...
2026-05-07 14:31:23,366 - INFO - pseudo_diameter completed in 0.001s
2026-05-07 14:31:23,366 - INFO - Computing char_time...
2026-05-07 14:31:23,385 - INFO - char_time completed in 0.019s
2026-05-07 14:31:23,385 - INFO - Computing node_percolation_targeted...
2026-05-07 14:31:23,390 - INFO - node_percolation_targeted completed in 0.005s
2026-05-07 14:31:23,390 - INFO - Computing node_percolation_random...
2026-05-07 14:31:23,400 - INFO - node_percolation_random completed in 0.010s
2026-05-07 14:31:23,400 - INFO - Computing frac_giant_ccomp...
2026-05-07 14:31:23,402 - INFO - frac_giant_ccomp completed in 0.002s
2026-05-07 14:31:23,402 - INFO - Computing concomp_sizes...
2026-05-07 14:31:23,404 - INFO - concomp_sizes completed in 0.001s
2026-05-07 14:31:23,404 - INFO - Computing degree...
2026-05-07 14:31:23,405 - INFO - degree completed in 0.001s
2026-05-07 14:31:23,405 - INFO - Computing local_ccoeff_nodes...
2026-05-07 14:31:23,408 - INFO - local_ccoeff_nodes completed in 0.003s
2026-05-07 14:31:23,408 - INFO - Computing pagerank...
2026-05-07 14:31:23,419 - INFO - pagerank completed in 0.011s
2026-05-07 14:31:23,419 - INFO - Computing kcore...
2026-05-07 14:31:23,420 - INFO - kcore completed in 0.001s
2026-05-07 14:31:23,420 - INFO - Total time taken: 0.137s
