2026-05-07 14:29:54,601 - INFO - Building graph via hashed edge list...
2026-05-07 14:29:54,665 - INFO - Graph built in 0.065s
2026-05-07 14:29:54,670 - INFO - node.idx saved in 0.004s
2026-05-07 14:29:54,670 - INFO - Computing n_nodes...
2026-05-07 14:29:54,671 - INFO - n_nodes completed in 0.001s
2026-05-07 14:29:54,671 - INFO - Computing n_edges...
2026-05-07 14:29:54,673 - INFO - n_edges completed in 0.001s
2026-05-07 14:29:54,673 - INFO - Computing n_concomp...
2026-05-07 14:29:54,674 - INFO - n_concomp completed in 0.001s
2026-05-07 14:29:54,674 - INFO - Computing mean_degree...
2026-05-07 14:29:54,675 - INFO - mean_degree completed in 0.001s
2026-05-07 14:29:54,675 - INFO - Computing deg_assort...
2026-05-07 14:29:54,677 - INFO - deg_assort completed in 0.002s
2026-05-07 14:29:54,677 - INFO - Computing mean_kcore...
2026-05-07 14:29:54,679 - INFO - mean_kcore completed in 0.002s
2026-05-07 14:29:54,679 - INFO - Computing global_ccoeff...
2026-05-07 14:29:54,681 - INFO - global_ccoeff completed in 0.002s
2026-05-07 14:29:54,681 - INFO - Computing local_ccoeff...
2026-05-07 14:29:54,683 - INFO - local_ccoeff completed in 0.002s
2026-05-07 14:29:54,683 - INFO - Computing pseudo_diameter...
2026-05-07 14:29:54,684 - INFO - pseudo_diameter completed in 0.001s
2026-05-07 14:29:54,685 - INFO - Computing char_time...
2026-05-07 14:29:54,693 - INFO - char_time completed in 0.008s
2026-05-07 14:29:54,693 - INFO - Computing node_percolation_targeted...
2026-05-07 14:29:54,697 - INFO - node_percolation_targeted completed in 0.005s
2026-05-07 14:29:54,698 - INFO - Computing node_percolation_random...
2026-05-07 14:29:54,710 - INFO - node_percolation_random completed in 0.012s
2026-05-07 14:29:54,710 - INFO - Computing frac_giant_ccomp...
2026-05-07 14:29:54,713 - INFO - frac_giant_ccomp completed in 0.003s
2026-05-07 14:29:54,713 - INFO - Computing concomp_sizes...
2026-05-07 14:29:54,714 - INFO - concomp_sizes completed in 0.001s
2026-05-07 14:29:54,714 - INFO - Computing degree...
2026-05-07 14:29:54,715 - INFO - degree completed in 0.001s
2026-05-07 14:29:54,715 - INFO - Computing local_ccoeff_nodes...
2026-05-07 14:29:54,718 - INFO - local_ccoeff_nodes completed in 0.003s
2026-05-07 14:29:54,718 - INFO - Computing pagerank...
2026-05-07 14:29:54,725 - INFO - pagerank completed in 0.007s
2026-05-07 14:29:54,725 - INFO - Computing kcore...
2026-05-07 14:29:54,727 - INFO - kcore completed in 0.001s
2026-05-07 14:29:54,727 - INFO - Total time taken: 0.127s
