	Command being timed: "python /u/vltanh/ecsbmv2/network-generation/network_evaluation/network_stats/compute_cluster_stats.py --network examples/output/synthetic_networks/networks/abcd/sbm-flat-best+cc/dnc/0/edge.csv --community examples/output/synthetic_networks/networks/abcd/sbm-flat-best+cc/dnc/0/com.csv --outdir examples/output/synthetic_networks/stats/abcd/sbm-flat-best+cc/dnc/0/cluster"
	User time (seconds): 0.32
	System time (seconds): 0.19
	Percent of CPU this job got: 38%
	Elapsed (wall clock) time (h:mm:ss or m:ss): 0:01.36
	Average shared text size (kbytes): 0
	Average unshared data size (kbytes): 0
	Average stack size (kbytes): 0
	Average total size (kbytes): 0
	Maximum resident set size (kbytes): 73216
	Average resident set size (kbytes): 0
	Major (requiring I/O) page faults: 18
	Minor (reclaiming a frame) page faults: 18204
	Voluntary context switches: 1691
	Involuntary context switches: 12
	Swaps: 0
	File system inputs: 1392
	File system outputs: 360
	Socket messages sent: 0
	Socket messages received: 0
	Signals delivered: 0
	Page size (bytes): 4096
	Exit status: 0
