=== 2026-05-07T19:29:44Z | pid=2392760 | host=nah-popos | EXECUTED ===
	Command being timed: "python /home/vltanh/Documents/netsci-research/network-generation/src/abcd+o/profile.py --edgelist /home/vltanh/Documents/netsci-research/network-generation/examples/input/empirical_networks/networks/dnc/dnc.csv --clustering /home/vltanh/Documents/netsci-research/network-generation/examples/input/reference_clusterings/clusterings/sbm-flat-best+cc/dnc/com.csv --output-folder /home/vltanh/Documents/netsci-research/network-generation/examples/output/synthetic_networks/networks/abcd+o/sbm-flat-best+cc/dnc/0/.state/setup --params-file /home/vltanh/Documents/netsci-research/network-generation/examples/output/synthetic_networks/networks/abcd+o/sbm-flat-best+cc/dnc/0/.state/setup/params.txt"
	User time (seconds): 0.39
	System time (seconds): 0.06
	Percent of CPU this job got: 97%
	Elapsed (wall clock) time (h:mm:ss or m:ss): 0:00.46
	Average shared text size (kbytes): 0
	Average unshared data size (kbytes): 0
	Average stack size (kbytes): 0
	Average total size (kbytes): 0
	Maximum resident set size (kbytes): 86460
	Average resident set size (kbytes): 0
	Major (requiring I/O) page faults: 0
	Minor (reclaiming a frame) page faults: 13827
	Voluntary context switches: 22
	Involuntary context switches: 119
	Swaps: 0
	File system inputs: 0
	File system outputs: 40
	Socket messages sent: 0
	Socket messages received: 0
	Signals delivered: 0
	Page size (bytes): 4096
	Exit status: 0
=== exit=0 ===
