=== Invocation 2026-05-15T03:49:48Z | seed=1 | keep_state=1 | pid=1736457 | host=nah-popos ===
=== [Stage 1 (profile)] examples/output/synthetic_networks/networks/ec-sbm-v3/sbm-flat-best+cc/dnc/0/.state/profile/time_and_err.log ===
[Stage 1 (profile)] === 2026-05-15T03:49:48Z | pid=1736457 | host=nah-popos | EXECUTED ===
[Stage 1 (profile)] 	Command being timed: "python /home/vltanh/Documents/netsci-research/network-generation/externals/ec-sbm/src/profile.py --edgelist examples/input/empirical_networks/networks/dnc/dnc.csv --clustering examples/input/reference_clusterings/clusterings/sbm-flat-best+cc/dnc/com.csv --output-folder examples/output/synthetic_networks/networks/ec-sbm-v3/sbm-flat-best+cc/dnc/0/.state/profile --params-file examples/output/synthetic_networks/networks/ec-sbm-v3/sbm-flat-best+cc/dnc/0/.state/profile/params.txt"
[Stage 1 (profile)] 	User time (seconds): 0.19
[Stage 1 (profile)] 	System time (seconds): 0.03
[Stage 1 (profile)] 	Percent of CPU this job got: 99%
[Stage 1 (profile)] 	Elapsed (wall clock) time (h:mm:ss or m:ss): 0:00.22
[Stage 1 (profile)] 	Average shared text size (kbytes): 0
[Stage 1 (profile)] 	Average unshared data size (kbytes): 0
[Stage 1 (profile)] 	Average stack size (kbytes): 0
[Stage 1 (profile)] 	Average total size (kbytes): 0
[Stage 1 (profile)] 	Maximum resident set size (kbytes): 87548
[Stage 1 (profile)] 	Average resident set size (kbytes): 0
[Stage 1 (profile)] 	Major (requiring I/O) page faults: 0
[Stage 1 (profile)] 	Minor (reclaiming a frame) page faults: 14008
[Stage 1 (profile)] 	Voluntary context switches: 22
[Stage 1 (profile)] 	Involuntary context switches: 52
[Stage 1 (profile)] 	Swaps: 0
[Stage 1 (profile)] 	File system inputs: 0
[Stage 1 (profile)] 	File system outputs: 72
[Stage 1 (profile)] 	Socket messages sent: 0
[Stage 1 (profile)] 	Socket messages received: 0
[Stage 1 (profile)] 	Signals delivered: 0
[Stage 1 (profile)] 	Page size (bytes): 4096
[Stage 1 (profile)] 	Exit status: 0
[Stage 1 (profile)] === exit=0 ===

=== [Stage 1 (profile)] examples/output/synthetic_networks/networks/ec-sbm-v3/sbm-flat-best+cc/dnc/0/.state/profile/run.log ===
[Stage 1 (profile)] 2026-05-14 22:49:48,926 - INFO - Input reading elapsed: 0.0093 seconds
[Stage 1 (profile)] 2026-05-14 22:49:48,928 - INFO - Outlier transform elapsed: 0.0011 seconds
[Stage 1 (profile)] 2026-05-14 22:49:48,928 - INFO - Mappings computation elapsed: 0.0002 seconds
[Stage 1 (profile)] 2026-05-14 22:49:48,946 - INFO - Outputs export elapsed: 0.0183 seconds

=== [Stage 2 (gen_clustered)] examples/output/synthetic_networks/networks/ec-sbm-v3/sbm-flat-best+cc/dnc/0/.state/gen_clustered/time_and_err.log ===
[Stage 2 (gen_clustered)] === 2026-05-15T03:49:48Z | pid=1736457 | host=nah-popos | EXECUTED ===
[Stage 2 (gen_clustered)] 	Command being timed: "python /home/vltanh/Documents/netsci-research/network-generation/externals/ec-sbm/src/gen_clustered.py --method pso --node-id examples/output/synthetic_networks/networks/ec-sbm-v3/sbm-flat-best+cc/dnc/0/.state/profile/node_id.csv --cluster-id examples/output/synthetic_networks/networks/ec-sbm-v3/sbm-flat-best+cc/dnc/0/.state/profile/cluster_id.csv --assignment examples/output/synthetic_networks/networks/ec-sbm-v3/sbm-flat-best+cc/dnc/0/.state/profile/assignment.csv --degree examples/output/synthetic_networks/networks/ec-sbm-v3/sbm-flat-best+cc/dnc/0/.state/profile/degree.csv --mincut examples/output/synthetic_networks/networks/ec-sbm-v3/sbm-flat-best+cc/dnc/0/.state/profile/mincut.csv --edge-counts examples/output/synthetic_networks/networks/ec-sbm-v3/sbm-flat-best+cc/dnc/0/.state/profile/edge_counts.csv --cluster-ccoeff examples/output/synthetic_networks/networks/ec-sbm-v3/sbm-flat-best+cc/dnc/0/.state/profile/cluster_ccoeff.csv --output-folder examples/output/synthetic_networks/networks/ec-sbm-v3/sbm-flat-best+cc/dnc/0/.state/gen_clustered --seed 1 --pso-gamma 2.0 --pso-m-floor 1 --pso-search-strategy secant --pso-search-max-iters 30 --pso-search-initial-points 5 --pso-search-samples-per-T 3 --pso-search-diff-tol 0.01 --pso-search-step-tol 0.0001 --pso-search-t-min 0.01 --pso-search-t-max 0.99 --pso-initial-t 0.5"
[Stage 2 (gen_clustered)] 	User time (seconds): 0.41
[Stage 2 (gen_clustered)] 	System time (seconds): 0.04
[Stage 2 (gen_clustered)] 	Percent of CPU this job got: 99%
[Stage 2 (gen_clustered)] 	Elapsed (wall clock) time (h:mm:ss or m:ss): 0:00.45
[Stage 2 (gen_clustered)] 	Average shared text size (kbytes): 0
[Stage 2 (gen_clustered)] 	Average unshared data size (kbytes): 0
[Stage 2 (gen_clustered)] 	Average stack size (kbytes): 0
[Stage 2 (gen_clustered)] 	Average total size (kbytes): 0
[Stage 2 (gen_clustered)] 	Maximum resident set size (kbytes): 95112
[Stage 2 (gen_clustered)] 	Average resident set size (kbytes): 0
[Stage 2 (gen_clustered)] 	Major (requiring I/O) page faults: 0
[Stage 2 (gen_clustered)] 	Minor (reclaiming a frame) page faults: 18754
[Stage 2 (gen_clustered)] 	Voluntary context switches: 22
[Stage 2 (gen_clustered)] 	Involuntary context switches: 61
[Stage 2 (gen_clustered)] 	Swaps: 0
[Stage 2 (gen_clustered)] 	File system inputs: 0
[Stage 2 (gen_clustered)] 	File system outputs: 184
[Stage 2 (gen_clustered)] 	Socket messages sent: 0
[Stage 2 (gen_clustered)] 	Socket messages received: 0
[Stage 2 (gen_clustered)] 	Signals delivered: 0
[Stage 2 (gen_clustered)] 	Page size (bytes): 4096
[Stage 2 (gen_clustered)] 	Exit status: 0
[Stage 2 (gen_clustered)] === exit=0 ===

=== [Stage 2 (gen_clustered)] examples/output/synthetic_networks/networks/ec-sbm-v3/sbm-flat-best+cc/dnc/0/.state/gen_clustered/run.log ===
[Stage 2 (gen_clustered)] 2026-05-14 22:49:49,163 - INFO - Starting EC-SBM clustered generation (method=pso)...
[Stage 2 (gen_clustered)] 2026-05-14 22:49:49,163 - INFO - Stage 2 method=pso seed=1 gamma=2.0 m_floor=1 strategy=secant initial_points=5 samples_per_T=3 t_min=0.01 t_max=0.99 max_iters=30 diff_tol=0.01
[Stage 2 (gen_clustered)] 2026-05-14 22:49:49,222 - INFO - Input loading elapsed: 0.0591 seconds
[Stage 2 (gen_clustered)] 2026-05-14 22:49:49,232 - INFO - Cluster iid=0 (id=19) n=78 k=1 m=1 target_cc=0.4503 best_T=0.5000 best_cc=0.0000 iters=2
[Stage 2 (gen_clustered)] 2026-05-14 22:49:49,242 - INFO - Cluster iid=1 (id=17) n=76 k=1 m=1 target_cc=0.2583 best_T=0.5000 best_cc=0.0000 iters=2
[Stage 2 (gen_clustered)] 2026-05-14 22:49:49,249 - INFO - Cluster iid=2 (id=13) n=55 k=1 m=1 target_cc=0.9855 best_T=0.5000 best_cc=0.0000 iters=2
[Stage 2 (gen_clustered)] 2026-05-14 22:49:49,255 - INFO - Cluster iid=3 (id=16) n=47 k=1 m=1 target_cc=0.3314 best_T=0.5000 best_cc=0.0000 iters=2
[Stage 2 (gen_clustered)] 2026-05-14 22:49:49,260 - INFO - Cluster iid=4 (id=20) n=36 k=1 m=1 target_cc=0.8837 best_T=0.5000 best_cc=0.0000 iters=2
[Stage 2 (gen_clustered)] 2026-05-14 22:49:49,263 - INFO - Cluster iid=5 (id=14) n=24 k=1 m=1 target_cc=0.7403 best_T=0.5000 best_cc=0.0000 iters=2
[Stage 2 (gen_clustered)] 2026-05-14 22:49:49,300 - INFO - Cluster iid=6 (id=2) n=21 k=2 m=2 target_cc=0.7513 best_T=0.0105 best_cc=0.2634 iters=30
[Stage 2 (gen_clustered)] 2026-05-14 22:49:49,302 - INFO - Cluster iid=7 (id=22) n=21 k=1 m=1 target_cc=0.9945 best_T=0.5000 best_cc=0.0000 iters=2
[Stage 2 (gen_clustered)] 2026-05-14 22:49:49,304 - INFO - Cluster iid=8 (id=10) n=16 k=1 m=1 target_cc=0.9545 best_T=0.5000 best_cc=0.0000 iters=2
[Stage 2 (gen_clustered)] 2026-05-14 22:49:49,330 - INFO - Cluster iid=9 (id=3) n=16 k=4 m=4 target_cc=0.7657 best_T=0.0100 best_cc=0.5527 iters=30
[Stage 2 (gen_clustered)] 2026-05-14 22:49:49,353 - INFO - Cluster iid=10 (id=5) n=15 k=3 m=3 target_cc=0.7267 best_T=0.0100 best_cc=0.4784 iters=28
[Stage 2 (gen_clustered)] 2026-05-14 22:49:49,374 - INFO - Cluster iid=11 (id=12) n=13 k=2 m=2 target_cc=0.8064 best_T=0.0713 best_cc=0.3607 iters=30
[Stage 2 (gen_clustered)] 2026-05-14 22:49:49,375 - INFO - Cluster iid=12 (id=11) n=10 k=9 m=9 target_cc=1.0000 best_T=0.5000 best_cc=1.0000 iters=1
[Stage 2 (gen_clustered)] 2026-05-14 22:49:49,389 - INFO - Cluster iid=13 (id=24) n=10 k=3 m=3 target_cc=0.6731 best_T=0.0177 best_cc=0.5999 iters=30
[Stage 2 (gen_clustered)] 2026-05-14 22:49:49,390 - INFO - Cluster iid=14 (id=9) n=10 k=7 m=7 target_cc=0.9297 best_T=0.5000 best_cc=0.9363 iters=1
[Stage 2 (gen_clustered)] 2026-05-14 22:49:49,400 - INFO - Cluster iid=15 (id=0) n=8 k=2 m=2 target_cc=0.6000 best_T=0.0110 best_cc=0.4915 iters=25
[Stage 2 (gen_clustered)] 2026-05-14 22:49:49,401 - INFO - Cluster iid=16 (id=8) n=8 k=1 m=1 target_cc=0.5625 best_T=0.5000 best_cc=0.0000 iters=2
[Stage 2 (gen_clustered)] 2026-05-14 22:49:49,401 - INFO - Cluster iid=17 (id=1) n=7 k=5 m=5 target_cc=0.9474 best_T=0.5000 best_cc=0.9474 iters=1
[Stage 2 (gen_clustered)] 2026-05-14 22:49:49,402 - INFO - Cluster iid=18 (id=15) n=7 k=3 m=3 target_cc=0.7869 best_T=0.2550 best_cc=0.7135 iters=3
[Stage 2 (gen_clustered)] 2026-05-14 22:49:49,413 - INFO - Cluster iid=19 (id=36) n=7 k=2 m=2 target_cc=0.5294 best_T=0.0105 best_cc=0.5119 iters=30
[Stage 2 (gen_clustered)] 2026-05-14 22:49:49,413 - INFO - Cluster iid=20 (id=4) n=7 k=6 m=6 target_cc=1.0000 best_T=0.5000 best_cc=1.0000 iters=1
[Stage 2 (gen_clustered)] 2026-05-14 22:49:49,413 - INFO - Cluster iid=21 (id=7) n=6 k=5 m=5 target_cc=1.0000 best_T=0.5000 best_cc=1.0000 iters=1
[Stage 2 (gen_clustered)] 2026-05-14 22:49:49,413 - INFO - Cluster iid=22 (id=18) n=5 k=4 m=4 target_cc=1.0000 best_T=0.5000 best_cc=1.0000 iters=1
[Stage 2 (gen_clustered)] 2026-05-14 22:49:49,413 - INFO - Cluster iid=23 (id=21) n=4 k=3 m=3 target_cc=1.0000 best_T=0.5000 best_cc=1.0000 iters=1
[Stage 2 (gen_clustered)] 2026-05-14 22:49:49,413 - INFO - Cluster iid=24 (id=53) n=4 k=1 m=1 target_cc=0.6000 best_T=0.5000 best_cc=0.0000 iters=2
[Stage 2 (gen_clustered)] 2026-05-14 22:49:49,413 - INFO - Cluster iid=25 (id=25) n=3 k=2 m=2 target_cc=1.0000 best_T=0.5000 best_cc=1.0000 iters=1
[Stage 2 (gen_clustered)] 2026-05-14 22:49:49,414 - INFO - Cluster iid=26 (id=26) n=3 k=2 m=2 target_cc=1.0000 best_T=0.5000 best_cc=1.0000 iters=1
[Stage 2 (gen_clustered)] 2026-05-14 22:49:49,414 - INFO - Cluster iid=27 (id=29) n=3 k=1 m=1 target_cc=0.0000 best_T=0.5000 best_cc=0.0000 iters=1
[Stage 2 (gen_clustered)] 2026-05-14 22:49:49,414 - INFO - Cluster iid=28 (id=32) n=3 k=1 m=1 target_cc=0.0000 best_T=0.5000 best_cc=0.0000 iters=1
[Stage 2 (gen_clustered)] 2026-05-14 22:49:49,414 - INFO - Cluster iid=29 (id=54) n=3 k=1 m=1 target_cc=0.0000 best_T=0.5000 best_cc=0.0000 iters=1
[Stage 2 (gen_clustered)] 2026-05-14 22:49:49,414 - INFO - Cluster iid=30 (id=6) n=3 k=2 m=2 target_cc=1.0000 best_T=0.5000 best_cc=1.0000 iters=1
[Stage 2 (gen_clustered)] 2026-05-14 22:49:49,414 - INFO - Cluster iid=31 (id=23) n=2 k=1 m=1 target_cc=0.0000 best_T=0.5000 best_cc=0.0000 iters=1
[Stage 2 (gen_clustered)] 2026-05-14 22:49:49,414 - INFO - Cluster iid=32 (id=27) n=2 k=1 m=1 target_cc=0.0000 best_T=0.5000 best_cc=0.0000 iters=1
[Stage 2 (gen_clustered)] 2026-05-14 22:49:49,414 - INFO - Cluster iid=33 (id=28) n=2 k=1 m=1 target_cc=0.0000 best_T=0.5000 best_cc=0.0000 iters=1
[Stage 2 (gen_clustered)] 2026-05-14 22:49:49,414 - INFO - Cluster iid=34 (id=30) n=2 k=1 m=1 target_cc=0.0000 best_T=0.5000 best_cc=0.0000 iters=1
[Stage 2 (gen_clustered)] 2026-05-14 22:49:49,414 - INFO - Cluster iid=35 (id=31) n=2 k=1 m=1 target_cc=0.0000 best_T=0.5000 best_cc=0.0000 iters=1
[Stage 2 (gen_clustered)] 2026-05-14 22:49:49,414 - INFO - Cluster iid=36 (id=33) n=2 k=1 m=1 target_cc=0.0000 best_T=0.5000 best_cc=0.0000 iters=1
[Stage 2 (gen_clustered)] 2026-05-14 22:49:49,414 - INFO - Cluster iid=37 (id=34) n=2 k=1 m=1 target_cc=0.0000 best_T=0.5000 best_cc=0.0000 iters=1
[Stage 2 (gen_clustered)] 2026-05-14 22:49:49,414 - INFO - Cluster iid=38 (id=35) n=2 k=1 m=1 target_cc=0.0000 best_T=0.5000 best_cc=0.0000 iters=1
[Stage 2 (gen_clustered)] 2026-05-14 22:49:49,414 - INFO - Cluster iid=39 (id=37) n=2 k=1 m=1 target_cc=0.0000 best_T=0.5000 best_cc=0.0000 iters=1
[Stage 2 (gen_clustered)] 2026-05-14 22:49:49,414 - INFO - Cluster iid=40 (id=38) n=2 k=1 m=1 target_cc=0.0000 best_T=0.5000 best_cc=0.0000 iters=1
[Stage 2 (gen_clustered)] 2026-05-14 22:49:49,414 - INFO - Cluster iid=41 (id=39) n=2 k=1 m=1 target_cc=0.0000 best_T=0.5000 best_cc=0.0000 iters=1
[Stage 2 (gen_clustered)] 2026-05-14 22:49:49,414 - INFO - Cluster iid=42 (id=40) n=2 k=1 m=1 target_cc=0.0000 best_T=0.5000 best_cc=0.0000 iters=1
[Stage 2 (gen_clustered)] 2026-05-14 22:49:49,415 - INFO - Cluster iid=43 (id=41) n=2 k=1 m=1 target_cc=0.0000 best_T=0.5000 best_cc=0.0000 iters=1
[Stage 2 (gen_clustered)] 2026-05-14 22:49:49,415 - INFO - Cluster iid=44 (id=42) n=2 k=1 m=1 target_cc=0.0000 best_T=0.5000 best_cc=0.0000 iters=1
[Stage 2 (gen_clustered)] 2026-05-14 22:49:49,415 - INFO - Cluster iid=45 (id=43) n=2 k=1 m=1 target_cc=0.0000 best_T=0.5000 best_cc=0.0000 iters=1
[Stage 2 (gen_clustered)] 2026-05-14 22:49:49,415 - INFO - Cluster iid=46 (id=44) n=2 k=1 m=1 target_cc=0.0000 best_T=0.5000 best_cc=0.0000 iters=1
[Stage 2 (gen_clustered)] 2026-05-14 22:49:49,415 - INFO - Cluster iid=47 (id=45) n=2 k=1 m=1 target_cc=0.0000 best_T=0.5000 best_cc=0.0000 iters=1
[Stage 2 (gen_clustered)] 2026-05-14 22:49:49,415 - INFO - Cluster iid=48 (id=46) n=2 k=1 m=1 target_cc=0.0000 best_T=0.5000 best_cc=0.0000 iters=1
[Stage 2 (gen_clustered)] 2026-05-14 22:49:49,415 - INFO - Cluster iid=49 (id=47) n=2 k=1 m=1 target_cc=0.0000 best_T=0.5000 best_cc=0.0000 iters=1
[Stage 2 (gen_clustered)] 2026-05-14 22:49:49,415 - INFO - Cluster iid=50 (id=48) n=2 k=1 m=1 target_cc=0.0000 best_T=0.5000 best_cc=0.0000 iters=1
[Stage 2 (gen_clustered)] 2026-05-14 22:49:49,415 - INFO - Cluster iid=51 (id=49) n=2 k=1 m=1 target_cc=0.0000 best_T=0.5000 best_cc=0.0000 iters=1
[Stage 2 (gen_clustered)] 2026-05-14 22:49:49,415 - INFO - Cluster iid=52 (id=50) n=2 k=1 m=1 target_cc=0.0000 best_T=0.5000 best_cc=0.0000 iters=1
[Stage 2 (gen_clustered)] 2026-05-14 22:49:49,415 - INFO - Cluster iid=53 (id=51) n=2 k=1 m=1 target_cc=0.0000 best_T=0.5000 best_cc=0.0000 iters=1
[Stage 2 (gen_clustered)] 2026-05-14 22:49:49,415 - INFO - Cluster iid=54 (id=52) n=2 k=1 m=1 target_cc=0.0000 best_T=0.5000 best_cc=0.0000 iters=1
[Stage 2 (gen_clustered)] 2026-05-14 22:49:49,415 - INFO - Cluster iid=55 (id=55) n=2 k=1 m=1 target_cc=0.0000 best_T=0.5000 best_cc=0.0000 iters=1
[Stage 2 (gen_clustered)] 2026-05-14 22:49:49,415 - INFO - Cluster iid=56 (id=56) n=2 k=1 m=1 target_cc=0.0000 best_T=0.5000 best_cc=0.0000 iters=1
[Stage 2 (gen_clustered)] 2026-05-14 22:49:49,415 - INFO - Cluster iid=57 (id=57) n=2 k=1 m=1 target_cc=0.0000 best_T=0.5000 best_cc=0.0000 iters=1
[Stage 2 (gen_clustered)] 2026-05-14 22:49:49,415 - INFO - Cluster iid=58 (id=58) n=2 k=1 m=1 target_cc=0.0000 best_T=0.5000 best_cc=0.0000 iters=1
[Stage 2 (gen_clustered)] 2026-05-14 22:49:49,415 - INFO - Cluster iid=59 (id=59) n=2 k=1 m=1 target_cc=0.0000 best_T=0.5000 best_cc=0.0000 iters=1
[Stage 2 (gen_clustered)] 2026-05-14 22:49:49,415 - INFO - Cluster iid=60 (id=60) n=2 k=1 m=1 target_cc=0.0000 best_T=0.5000 best_cc=0.0000 iters=1
[Stage 2 (gen_clustered)] 2026-05-14 22:49:49,415 - INFO - Cluster iid=61 (id=61) n=2 k=1 m=1 target_cc=0.0000 best_T=0.5000 best_cc=0.0000 iters=1
[Stage 2 (gen_clustered)] 2026-05-14 22:49:49,415 - INFO - Cluster iid=62 (id=62) n=2 k=1 m=1 target_cc=0.0000 best_T=0.5000 best_cc=0.0000 iters=1
[Stage 2 (gen_clustered)] 2026-05-14 22:49:49,415 - INFO - Cluster iid=63 (id=63) n=2 k=1 m=1 target_cc=0.0000 best_T=0.5000 best_cc=0.0000 iters=1
[Stage 2 (gen_clustered)] 2026-05-14 22:49:49,415 - INFO - Cluster iid=64 (id=64) n=2 k=1 m=1 target_cc=0.0000 best_T=0.5000 best_cc=0.0000 iters=1
[Stage 2 (gen_clustered)] 2026-05-14 22:49:49,415 - INFO - Per-cluster PSO + T search elapsed: 0.1933 seconds
[Stage 2 (gen_clustered)] 2026-05-14 22:49:49,419 - INFO - Exporting 781 PSO edges elapsed: 0.0040 seconds
[Stage 2 (gen_clustered)] 2026-05-14 22:49:49,419 - INFO - Clustered generation complete.

=== [Stage 3a (gen_outlier)] examples/output/synthetic_networks/networks/ec-sbm-v3/sbm-flat-best+cc/dnc/0/.state/gen_outlier/edges/time_and_err.log ===
[Stage 3a (gen_outlier)] === 2026-05-15T03:49:49Z | pid=1736457 | host=nah-popos | EXECUTED ===
[Stage 3a (gen_outlier)] 	Command being timed: "python /home/vltanh/Documents/netsci-research/network-generation/externals/ec-sbm/src/gen_outlier.py --orig-edgelist examples/input/empirical_networks/networks/dnc/dnc.csv --orig-clustering examples/input/reference_clusterings/clusterings/sbm-flat-best+cc/dnc/com.csv --exist-edgelist examples/output/synthetic_networks/networks/ec-sbm-v3/sbm-flat-best+cc/dnc/0/.state/gen_clustered/edge.csv --scope all --outlier-mode combined --output-folder examples/output/synthetic_networks/networks/ec-sbm-v3/sbm-flat-best+cc/dnc/0/.state/gen_outlier/edges --seed 2"
[Stage 3a (gen_outlier)] 	User time (seconds): 1.01
[Stage 3a (gen_outlier)] 	System time (seconds): 0.08
[Stage 3a (gen_outlier)] 	Percent of CPU this job got: 99%
[Stage 3a (gen_outlier)] 	Elapsed (wall clock) time (h:mm:ss or m:ss): 0:01.09
[Stage 3a (gen_outlier)] 	Average shared text size (kbytes): 0
[Stage 3a (gen_outlier)] 	Average unshared data size (kbytes): 0
[Stage 3a (gen_outlier)] 	Average stack size (kbytes): 0
[Stage 3a (gen_outlier)] 	Average total size (kbytes): 0
[Stage 3a (gen_outlier)] 	Maximum resident set size (kbytes): 260412
[Stage 3a (gen_outlier)] 	Average resident set size (kbytes): 0
[Stage 3a (gen_outlier)] 	Major (requiring I/O) page faults: 0
[Stage 3a (gen_outlier)] 	Minor (reclaiming a frame) page faults: 37956
[Stage 3a (gen_outlier)] 	Voluntary context switches: 183
[Stage 3a (gen_outlier)] 	Involuntary context switches: 120
[Stage 3a (gen_outlier)] 	Swaps: 0
[Stage 3a (gen_outlier)] 	File system inputs: 0
[Stage 3a (gen_outlier)] 	File system outputs: 136
[Stage 3a (gen_outlier)] 	Socket messages sent: 0
[Stage 3a (gen_outlier)] 	Socket messages received: 0
[Stage 3a (gen_outlier)] 	Signals delivered: 0
[Stage 3a (gen_outlier)] 	Page size (bytes): 4096
[Stage 3a (gen_outlier)] 	Exit status: 0
[Stage 3a (gen_outlier)] === exit=0 ===

=== [Stage 3a (gen_outlier)] examples/output/synthetic_networks/networks/ec-sbm-v3/sbm-flat-best+cc/dnc/0/.state/gen_outlier/edges/run.log ===
[Stage 3a (gen_outlier)] 2026-05-14 22:49:50,297 - INFO - Starting EC-SBM outlier generation (scope=all, outlier_mode=combined)...
[Stage 3a (gen_outlier)] 2026-05-14 22:49:50,437 - INFO - Setup elapsed: 0.1401 seconds
[Stage 3a (gen_outlier)] 2026-05-14 22:49:50,444 - INFO - SBM synthesis elapsed: 0.0067 seconds
[Stage 3a (gen_outlier)] 2026-05-14 22:49:50,448 - INFO - Export elapsed: 0.0044 seconds
[Stage 3a (gen_outlier)] 2026-05-14 22:49:50,448 - INFO - Outlier generation complete.

=== [Stage 3b (gen_outlier/combine)] examples/output/synthetic_networks/networks/ec-sbm-v3/sbm-flat-best+cc/dnc/0/.state/gen_outlier/time_and_err.log ===
[Stage 3b (gen_outlier/combine)] === 2026-05-15T03:49:50Z | pid=1736457 | host=nah-popos | EXECUTED ===
[Stage 3b (gen_outlier/combine)] 	Command being timed: "python /home/vltanh/Documents/netsci-research/network-generation/src/combine_edgelists.py --edgelist-1 examples/output/synthetic_networks/networks/ec-sbm-v3/sbm-flat-best+cc/dnc/0/.state/gen_clustered/edge.csv --json-1 examples/output/synthetic_networks/networks/ec-sbm-v3/sbm-flat-best+cc/dnc/0/.state/gen_clustered/sources.json --edgelist-2 examples/output/synthetic_networks/networks/ec-sbm-v3/sbm-flat-best+cc/dnc/0/.state/gen_outlier/edges/edge_outlier.csv --json-2 examples/output/synthetic_networks/networks/ec-sbm-v3/sbm-flat-best+cc/dnc/0/.state/gen_outlier/edges/sources.json --output-folder examples/output/synthetic_networks/networks/ec-sbm-v3/sbm-flat-best+cc/dnc/0/.state/gen_outlier --output-filename edge.csv"
[Stage 3b (gen_outlier/combine)] 	User time (seconds): 0.17
[Stage 3b (gen_outlier/combine)] 	System time (seconds): 0.02
[Stage 3b (gen_outlier/combine)] 	Percent of CPU this job got: 98%
[Stage 3b (gen_outlier/combine)] 	Elapsed (wall clock) time (h:mm:ss or m:ss): 0:00.20
[Stage 3b (gen_outlier/combine)] 	Average shared text size (kbytes): 0
[Stage 3b (gen_outlier/combine)] 	Average unshared data size (kbytes): 0
[Stage 3b (gen_outlier/combine)] 	Average stack size (kbytes): 0
[Stage 3b (gen_outlier/combine)] 	Average total size (kbytes): 0
[Stage 3b (gen_outlier/combine)] 	Maximum resident set size (kbytes): 86352
[Stage 3b (gen_outlier/combine)] 	Average resident set size (kbytes): 0
[Stage 3b (gen_outlier/combine)] 	Major (requiring I/O) page faults: 0
[Stage 3b (gen_outlier/combine)] 	Minor (reclaiming a frame) page faults: 13687
[Stage 3b (gen_outlier/combine)] 	Voluntary context switches: 22
[Stage 3b (gen_outlier/combine)] 	Involuntary context switches: 52
[Stage 3b (gen_outlier/combine)] 	Swaps: 0
[Stage 3b (gen_outlier/combine)] 	File system inputs: 0
[Stage 3b (gen_outlier/combine)] 	File system outputs: 136
[Stage 3b (gen_outlier/combine)] 	Socket messages sent: 0
[Stage 3b (gen_outlier/combine)] 	Socket messages received: 0
[Stage 3b (gen_outlier/combine)] 	Signals delivered: 0
[Stage 3b (gen_outlier/combine)] 	Page size (bytes): 4096
[Stage 3b (gen_outlier/combine)] 	Exit status: 0
[Stage 3b (gen_outlier/combine)] === exit=0 ===

=== [Stage 3b (gen_outlier/combine)] examples/output/synthetic_networks/networks/ec-sbm-v3/sbm-flat-best+cc/dnc/0/.state/gen_outlier/run.log ===
[Stage 3b (gen_outlier/combine)] 2026-05-14 22:49:50,749 - INFO - --- Starting Edgelist Combination & Provenance Tracking ---
[Stage 3b (gen_outlier/combine)] 2026-05-14 22:49:50,753 - INFO - Loaded 7685 total edges prior to deduplication.
[Stage 3b (gen_outlier/combine)] 2026-05-14 22:49:50,757 - INFO - Retained 7556 unique undirected edges.
[Stage 3b (gen_outlier/combine)] 2026-05-14 22:49:50,761 - INFO - Exported combined edgelist to edge.csv
[Stage 3b (gen_outlier/combine)] 2026-05-14 22:49:50,761 - INFO - Exported provenance map to sources.json
[Stage 3b (gen_outlier/combine)] 2026-05-14 22:49:50,761 - INFO - Combination elapsed: 0.0116 seconds
[Stage 3b (gen_outlier/combine)] 2026-05-14 22:49:50,761 - INFO - --- Combination Complete ---

=== [Stage 4a (match_degree)] examples/output/synthetic_networks/networks/ec-sbm-v3/sbm-flat-best+cc/dnc/0/.state/match_degree/edges/time_and_err.log ===
[Stage 4a (match_degree)] === 2026-05-15T03:49:50Z | pid=1736457 | host=nah-popos | EXECUTED ===
[Stage 4a (match_degree)] 	Command being timed: "python /home/vltanh/Documents/netsci-research/network-generation/src/match_degree.py --input-edgelist examples/output/synthetic_networks/networks/ec-sbm-v3/sbm-flat-best+cc/dnc/0/.state/gen_outlier/edge.csv --ref-edgelist examples/input/empirical_networks/networks/dnc/dnc.csv --degree-matcher cluster_preserving_true_greedy --input-clustering examples/input/reference_clusterings/clusterings/sbm-flat-best+cc/dnc/com.csv --ref-clustering examples/input/reference_clusterings/clusterings/sbm-flat-best+cc/dnc/com.csv --outlier-mode combined --output-folder examples/output/synthetic_networks/networks/ec-sbm-v3/sbm-flat-best+cc/dnc/0/.state/match_degree/edges --seed 3"
[Stage 4a (match_degree)] 	User time (seconds): 0.42
[Stage 4a (match_degree)] 	System time (seconds): 0.03
[Stage 4a (match_degree)] 	Percent of CPU this job got: 99%
[Stage 4a (match_degree)] 	Elapsed (wall clock) time (h:mm:ss or m:ss): 0:00.45
[Stage 4a (match_degree)] 	Average shared text size (kbytes): 0
[Stage 4a (match_degree)] 	Average unshared data size (kbytes): 0
[Stage 4a (match_degree)] 	Average stack size (kbytes): 0
[Stage 4a (match_degree)] 	Average total size (kbytes): 0
[Stage 4a (match_degree)] 	Maximum resident set size (kbytes): 87976
[Stage 4a (match_degree)] 	Average resident set size (kbytes): 0
[Stage 4a (match_degree)] 	Major (requiring I/O) page faults: 0
[Stage 4a (match_degree)] 	Minor (reclaiming a frame) page faults: 15535
[Stage 4a (match_degree)] 	Voluntary context switches: 22
[Stage 4a (match_degree)] 	Involuntary context switches: 64
[Stage 4a (match_degree)] 	Swaps: 0
[Stage 4a (match_degree)] 	File system inputs: 0
[Stage 4a (match_degree)] 	File system outputs: 56
[Stage 4a (match_degree)] 	Socket messages sent: 0
[Stage 4a (match_degree)] 	Socket messages received: 0
[Stage 4a (match_degree)] 	Signals delivered: 0
[Stage 4a (match_degree)] 	Page size (bytes): 4096
[Stage 4a (match_degree)] 	Exit status: 0
[Stage 4a (match_degree)] === exit=0 ===

=== [Stage 4a (match_degree)] examples/output/synthetic_networks/networks/ec-sbm-v3/sbm-flat-best+cc/dnc/0/.state/match_degree/edges/run.log ===
[Stage 4a (match_degree)] 2026-05-14 22:49:50,984 - INFO - --- Starting Degree Matching (stack=cluster_preserving_true_greedy) ---
[Stage 4a (match_degree)] 2026-05-14 22:49:50,997 - INFO - Loaded reference topologies elapsed: 0.0128 seconds
[Stage 4a (match_degree)] 2026-05-14 22:49:51,004 - INFO - Subtracted existing edges elapsed: 0.0064 seconds
[Stage 4a (match_degree)] 2026-05-14 22:49:51,021 - INFO - Built per-bp budget (direct mode) elapsed: 0.0170 seconds
[Stage 4a (match_degree)] 2026-05-14 22:49:51,021 - INFO - Starting Cluster-Preserving True Greedy matching algorithm...
[Stage 4a (match_degree)] 2026-05-14 22:49:51,021 - INFO - Initial missing stubs: 5752 (Target edges: 2876)
[Stage 4a (match_degree)] 2026-05-14 22:49:51,230 - WARNING - Finished with 121 gridlocked nodes.
[Stage 4a (match_degree)] 2026-05-14 22:49:51,231 - INFO - Stack step 'cluster_preserving_true_greedy': placed 2593 edges
[Stage 4a (match_degree)] 2026-05-14 22:49:51,231 - INFO - Added 2593 edges total across 1 step(s)
[Stage 4a (match_degree)] 2026-05-14 22:49:51,231 - INFO - Degree matching (stacked) elapsed: 0.2101 seconds
[Stage 4a (match_degree)] 2026-05-14 22:49:51,234 - INFO - Exported edgelist elapsed: 0.0026 seconds

=== [Stage 4b (match_degree/combine)] examples/output/synthetic_networks/networks/ec-sbm-v3/sbm-flat-best+cc/dnc/0/.state/match_degree/time_and_err.log ===
[Stage 4b (match_degree/combine)] === 2026-05-15T03:49:51Z | pid=1736457 | host=nah-popos | EXECUTED ===
[Stage 4b (match_degree/combine)] 	Command being timed: "python /home/vltanh/Documents/netsci-research/network-generation/src/combine_edgelists.py --edgelist-1 examples/output/synthetic_networks/networks/ec-sbm-v3/sbm-flat-best+cc/dnc/0/.state/gen_outlier/edge.csv --json-1 examples/output/synthetic_networks/networks/ec-sbm-v3/sbm-flat-best+cc/dnc/0/.state/gen_outlier/sources.json --edgelist-2 examples/output/synthetic_networks/networks/ec-sbm-v3/sbm-flat-best+cc/dnc/0/.state/match_degree/edges/degree_matching_edge.csv --json-2 examples/output/synthetic_networks/networks/ec-sbm-v3/sbm-flat-best+cc/dnc/0/.state/match_degree/edges/sources.json --output-folder examples/output/synthetic_networks/networks/ec-sbm-v3/sbm-flat-best+cc/dnc/0/.state/match_degree --output-filename edge.csv"
[Stage 4b (match_degree/combine)] 	User time (seconds): 0.16
[Stage 4b (match_degree/combine)] 	System time (seconds): 0.03
[Stage 4b (match_degree/combine)] 	Percent of CPU this job got: 98%
[Stage 4b (match_degree/combine)] 	Elapsed (wall clock) time (h:mm:ss or m:ss): 0:00.19
[Stage 4b (match_degree/combine)] 	Average shared text size (kbytes): 0
[Stage 4b (match_degree/combine)] 	Average unshared data size (kbytes): 0
[Stage 4b (match_degree/combine)] 	Average stack size (kbytes): 0
[Stage 4b (match_degree/combine)] 	Average total size (kbytes): 0
[Stage 4b (match_degree/combine)] 	Maximum resident set size (kbytes): 86340
[Stage 4b (match_degree/combine)] 	Average resident set size (kbytes): 0
[Stage 4b (match_degree/combine)] 	Major (requiring I/O) page faults: 0
[Stage 4b (match_degree/combine)] 	Minor (reclaiming a frame) page faults: 13733
[Stage 4b (match_degree/combine)] 	Voluntary context switches: 22
[Stage 4b (match_degree/combine)] 	Involuntary context switches: 57
[Stage 4b (match_degree/combine)] 	Swaps: 0
[Stage 4b (match_degree/combine)] 	File system inputs: 0
[Stage 4b (match_degree/combine)] 	File system outputs: 176
[Stage 4b (match_degree/combine)] 	Socket messages sent: 0
[Stage 4b (match_degree/combine)] 	Socket messages received: 0
[Stage 4b (match_degree/combine)] 	Signals delivered: 0
[Stage 4b (match_degree/combine)] 	Page size (bytes): 4096
[Stage 4b (match_degree/combine)] 	Exit status: 0
[Stage 4b (match_degree/combine)] === exit=0 ===

=== [Stage 4b (match_degree/combine)] examples/output/synthetic_networks/networks/ec-sbm-v3/sbm-flat-best+cc/dnc/0/.state/match_degree/run.log ===
[Stage 4b (match_degree/combine)] 2026-05-14 22:49:51,436 - INFO - --- Starting Edgelist Combination & Provenance Tracking ---
[Stage 4b (match_degree/combine)] 2026-05-14 22:49:51,440 - INFO - Loaded 10149 total edges prior to deduplication.
[Stage 4b (match_degree/combine)] 2026-05-14 22:49:51,444 - INFO - Retained 10149 unique undirected edges.
[Stage 4b (match_degree/combine)] 2026-05-14 22:49:51,449 - INFO - Exported combined edgelist to edge.csv
[Stage 4b (match_degree/combine)] 2026-05-14 22:49:51,449 - INFO - Exported provenance map to sources.json
[Stage 4b (match_degree/combine)] 2026-05-14 22:49:51,449 - INFO - Combination elapsed: 0.0131 seconds
[Stage 4b (match_degree/combine)] 2026-05-14 22:49:51,449 - INFO - --- Combination Complete ---

