=== 2026-04-21T05:02:27Z | pid=2681670 | host=cc-login2.campuscluster.illinois.edu | EXECUTED ===
	Command being timed: "python /path/to/network-generation/src/sbm/profile.py --edgelist examples/input/empirical_networks/networks/dnc/dnc.csv --clustering examples/input/reference_clusterings/clusterings/sbm-flat-best+cc/dnc/com.csv --output-folder examples/output/synthetic_networks/networks/sbm/sbm-flat-best+cc/dnc/0/.state/setup --params-file examples/output/synthetic_networks/networks/sbm/sbm-flat-best+cc/dnc/0/.state/setup/params.txt"
	User time (seconds): 0.31
	System time (seconds): 0.21
	Percent of CPU this job got: 56%
	Elapsed (wall clock) time (h:mm:ss or m:ss): 0:00.93
	Average shared text size (kbytes): 0
	Average unshared data size (kbytes): 0
	Average stack size (kbytes): 0
	Average total size (kbytes): 0
	Maximum resident set size (kbytes): 70656
	Average resident set size (kbytes): 0
	Major (requiring I/O) page faults: 0
	Minor (reclaiming a frame) page faults: 18154
	Voluntary context switches: 1480
	Involuntary context switches: 46
	Swaps: 0
	File system inputs: 16
	File system outputs: 80
	Socket messages sent: 0
	Socket messages received: 0
	Signals delivered: 0
	Page size (bytes): 4096
	Exit status: 0
=== exit=0 ===
