=== 2026-04-25T03:57:55Z | pid=97482 | host=nah-popos | EXECUTED ===
	Command being timed: "python /home/vltanh/Documents/network-generation/src/abcd+o/gen.py --degree examples/output/synthetic_networks/networks/abcd+o/sbm-flat-best+cc/dnc/0/.state/setup/degree.csv --cluster-sizes examples/output/synthetic_networks/networks/abcd+o/sbm-flat-best+cc/dnc/0/.state/setup/cluster_sizes.csv --mixing-parameter examples/output/synthetic_networks/networks/abcd+o/sbm-flat-best+cc/dnc/0/.state/setup/mixing_parameter.txt --n-outliers examples/output/synthetic_networks/networks/abcd+o/sbm-flat-best+cc/dnc/0/.state/setup/n_outliers.txt --abcd-dir /home/vltanh/Documents/network-generation/externals/abcd --output-folder examples/output/synthetic_networks/networks/abcd+o/sbm-flat-best+cc/dnc/0/.state/gen --seed 1"
	User time (seconds): 3.53
	System time (seconds): 0.15
	Percent of CPU this job got: 99%
	Elapsed (wall clock) time (h:mm:ss or m:ss): 0:03.69
	Average shared text size (kbytes): 0
	Average unshared data size (kbytes): 0
	Average stack size (kbytes): 0
	Average total size (kbytes): 0
	Maximum resident set size (kbytes): 507708
	Average resident set size (kbytes): 0
	Major (requiring I/O) page faults: 2
	Minor (reclaiming a frame) page faults: 105362
	Voluntary context switches: 40
	Involuntary context switches: 123
	Swaps: 0
	File system inputs: 40
	File system outputs: 320
	Socket messages sent: 0
	Socket messages received: 0
	Signals delivered: 0
	Page size (bytes): 4096
	Exit status: 0
=== exit=0 ===
