	Command being timed: "python /path/to/network-generation/network_evaluation/compare/compare_pair.py --cluster-1-folder examples/output/synthetic_networks/stats/lfr/sbm-flat-best+cc/dnc/0/cluster --cluster-2-folder examples/input/reference_clusterings/stats/sbm-flat-best+cc/dnc --network-1-folder examples/output/synthetic_networks/stats/lfr/sbm-flat-best+cc/dnc/0/network --network-2-folder examples/input/empirical_networks/stats/dnc --output-file examples/output/synthetic_networks/stats/lfr/sbm-flat-best+cc/dnc/0/comparison.csv --is-compare-sequence"
	User time (seconds): 0.75
	System time (seconds): 0.38
	Percent of CPU this job got: 62%
	Elapsed (wall clock) time (h:mm:ss or m:ss): 0:01.83
	Average shared text size (kbytes): 0
	Average unshared data size (kbytes): 0
	Average stack size (kbytes): 0
	Average total size (kbytes): 0
	Maximum resident set size (kbytes): 114688
	Average resident set size (kbytes): 0
	Major (requiring I/O) page faults: 0
	Minor (reclaiming a frame) page faults: 32174
	Voluntary context switches: 2906
	Involuntary context switches: 407
	Swaps: 0
	File system inputs: 0
	File system outputs: 16
	Socket messages sent: 0
	Socket messages received: 0
	Signals delivered: 0
	Page size (bytes): 4096
	Exit status: 0
