=== 2026-05-07T19:30:01Z | pid=2393573 | host=nah-popos | EXECUTED ===
	Command being timed: "python /home/vltanh/Documents/netsci-research/network-generation/src/combine_edgelists.py --edgelist-1 /home/vltanh/Documents/netsci-research/network-generation/examples/output/synthetic_networks/networks/ec-sbm-v1/sbm-flat-best+cc/dnc/0/.state/gen_clustered/edge.csv --json-1 /home/vltanh/Documents/netsci-research/network-generation/examples/output/synthetic_networks/networks/ec-sbm-v1/sbm-flat-best+cc/dnc/0/.state/gen_clustered/sources.json --edgelist-2 /home/vltanh/Documents/netsci-research/network-generation/examples/output/synthetic_networks/networks/ec-sbm-v1/sbm-flat-best+cc/dnc/0/.state/gen_outlier/edges/edge_outlier.csv --json-2 /home/vltanh/Documents/netsci-research/network-generation/examples/output/synthetic_networks/networks/ec-sbm-v1/sbm-flat-best+cc/dnc/0/.state/gen_outlier/edges/sources.json --output-folder /home/vltanh/Documents/netsci-research/network-generation/examples/output/synthetic_networks/networks/ec-sbm-v1/sbm-flat-best+cc/dnc/0/.state/gen_outlier --output-filename edge.csv"
	User time (seconds): 0.36
	System time (seconds): 0.04
	Percent of CPU this job got: 95%
	Elapsed (wall clock) time (h:mm:ss or m:ss): 0:00.42
	Average shared text size (kbytes): 0
	Average unshared data size (kbytes): 0
	Average stack size (kbytes): 0
	Average total size (kbytes): 0
	Maximum resident set size (kbytes): 86556
	Average resident set size (kbytes): 0
	Major (requiring I/O) page faults: 0
	Minor (reclaiming a frame) page faults: 13663
	Voluntary context switches: 22
	Involuntary context switches: 133
	Swaps: 0
	File system inputs: 0
	File system outputs: 136
	Socket messages sent: 0
	Socket messages received: 0
	Signals delivered: 0
	Page size (bytes): 4096
	Exit status: 0
=== exit=0 ===
