2026-05-07 14:30:29,383 - INFO - Building graph via hashed edge list...
2026-05-07 14:30:29,450 - INFO - Graph built in 0.067s
2026-05-07 14:30:29,453 - INFO - node.idx saved in 0.003s
2026-05-07 14:30:29,453 - INFO - Computing n_nodes...
2026-05-07 14:30:29,454 - INFO - n_nodes completed in 0.001s
2026-05-07 14:30:29,454 - INFO - Computing n_edges...
2026-05-07 14:30:29,454 - INFO - n_edges completed in 0.001s
2026-05-07 14:30:29,454 - INFO - Computing n_concomp...
2026-05-07 14:30:29,455 - INFO - n_concomp completed in 0.001s
2026-05-07 14:30:29,455 - INFO - Computing mean_degree...
2026-05-07 14:30:29,456 - INFO - mean_degree completed in 0.001s
2026-05-07 14:30:29,456 - INFO - Computing deg_assort...
2026-05-07 14:30:29,457 - INFO - deg_assort completed in 0.001s
2026-05-07 14:30:29,457 - INFO - Computing mean_kcore...
2026-05-07 14:30:29,458 - INFO - mean_kcore completed in 0.001s
2026-05-07 14:30:29,458 - INFO - Computing global_ccoeff...
2026-05-07 14:30:29,461 - INFO - global_ccoeff completed in 0.003s
2026-05-07 14:30:29,461 - INFO - Computing local_ccoeff...
2026-05-07 14:30:29,463 - INFO - local_ccoeff completed in 0.002s
2026-05-07 14:30:29,463 - INFO - Computing pseudo_diameter...
2026-05-07 14:30:29,465 - INFO - pseudo_diameter completed in 0.002s
2026-05-07 14:30:29,465 - INFO - Computing char_time...
2026-05-07 14:30:29,480 - INFO - char_time completed in 0.014s
2026-05-07 14:30:29,480 - INFO - Computing node_percolation_targeted...
2026-05-07 14:30:29,484 - INFO - node_percolation_targeted completed in 0.004s
2026-05-07 14:30:29,484 - INFO - Computing node_percolation_random...
2026-05-07 14:30:29,493 - INFO - node_percolation_random completed in 0.009s
2026-05-07 14:30:29,493 - INFO - Computing frac_giant_ccomp...
2026-05-07 14:30:29,496 - INFO - frac_giant_ccomp completed in 0.002s
2026-05-07 14:30:29,496 - INFO - Computing concomp_sizes...
2026-05-07 14:30:29,497 - INFO - concomp_sizes completed in 0.001s
2026-05-07 14:30:29,497 - INFO - Computing degree...
2026-05-07 14:30:29,498 - INFO - degree completed in 0.001s
2026-05-07 14:30:29,498 - INFO - Computing local_ccoeff_nodes...
2026-05-07 14:30:29,500 - INFO - local_ccoeff_nodes completed in 0.002s
2026-05-07 14:30:29,500 - INFO - Computing pagerank...
2026-05-07 14:30:29,522 - INFO - pagerank completed in 0.022s
2026-05-07 14:30:29,522 - INFO - Computing kcore...
2026-05-07 14:30:29,523 - INFO - kcore completed in 0.001s
2026-05-07 14:30:29,524 - INFO - Total time taken: 0.141s
